2024-11-10 14:04:38.348 +08:00 [INF] [main] ====================================== 程序启动! ==================================
2024-11-10 14:06:32.043 +08:00 [INF] [main] 选择的文件夹路径是: D:\argus\img\局部
2024-11-10 14:06:34.297 +08:00 [INF] [main] 路径存储成功 存储内容:StoragePath:D:\argus\img\局部, IsEnable:$True
2024-11-10 14:06:35.815 +08:00 [INF] [main] 页面渲染
2024-11-10 14:06:35.869 +08:00 [INF] [main] 123123
2024-11-10 14:06:35.869 +08:00 [INF] [main] 路径内容:D:\argus\img\局部\05bf2c4c097ffb5cd4198a628f1311be.jpg
2024-11-10 14:06:35.869 +08:00 [INF] [main] 路径内容:D:\argus\img\局部\3f160e3827ea5aa149f3301a56b4f0a5.jpg
2024-11-10 14:06:35.869 +08:00 [INF] [main] 路径内容:D:\argus\img\局部\4a82eb7a3eeb553d2f6360af443d0215.jpg
2024-11-10 14:06:35.869 +08:00 [INF] [main] 路径内容:D:\argus\img\局部\4af3d6577b5911742036a7948e7e5c6e.jpg
2024-11-10 14:06:35.869 +08:00 [INF] [main] 路径内容:D:\argus\img\局部\5af4e7015ace0c590f0ce126ee88eb9d.jpg
2024-11-10 14:06:35.869 +08:00 [INF] [main] 路径内容:D:\argus\img\局部\5e9324ca411fa3f6.jpg
2024-11-10 14:06:42.955 +08:00 [INF] [main] 页面渲染
2024-11-10 14:06:42.957 +08:00 [INF] [main] 123123
2024-11-10 14:06:42.957 +08:00 [INF] [main] 路径内容:D:\argus\img\局部\05bf2c4c097ffb5cd4198a628f1311be.jpg
2024-11-10 14:06:42.957 +08:00 [INF] [main] 路径内容:D:\argus\img\局部\3f160e3827ea5aa149f3301a56b4f0a5.jpg
2024-11-10 14:06:42.958 +08:00 [INF] [main] 路径内容:D:\argus\img\局部\4a82eb7a3eeb553d2f6360af443d0215.jpg
2024-11-10 14:06:42.958 +08:00 [INF] [main] 路径内容:D:\argus\img\局部\4af3d6577b5911742036a7948e7e5c6e.jpg
2024-11-10 14:06:42.958 +08:00 [INF] [main] 路径内容:D:\argus\img\局部\5af4e7015ace0c590f0ce126ee88eb9d.jpg
2024-11-10 14:06:42.958 +08:00 [INF] [main] 路径内容:D:\argus\img\局部\5e9324ca411fa3f6.jpg
2024-11-10 14:06:42.958 +08:00 [INF] [main] 路径内容:D:\argus\img\局部\05bf2c4c097ffb5cd4198a628f1311be.jpg
2024-11-10 14:06:42.958 +08:00 [INF] [main] 路径内容:D:\argus\img\局部\3f160e3827ea5aa149f3301a56b4f0a5.jpg
2024-11-10 14:06:42.958 +08:00 [INF] [main] 路径内容:D:\argus\img\局部\4a82eb7a3eeb553d2f6360af443d0215.jpg
2024-11-10 14:06:42.958 +08:00 [INF] [main] 路径内容:D:\argus\img\局部\4af3d6577b5911742036a7948e7e5c6e.jpg
2024-11-10 14:06:42.958 +08:00 [INF] [main] 路径内容:D:\argus\img\局部\5af4e7015ace0c590f0ce126ee88eb9d.jpg
2024-11-10 14:06:42.958 +08:00 [INF] [main] 路径内容:D:\argus\img\局部\5e9324ca411fa3f6.jpg
2024-11-10 14:06:46.961 +08:00 [INF] [main] 页面渲染
2024-11-10 14:06:46.964 +08:00 [INF] [main] 123123
2024-11-10 14:06:46.964 +08:00 [INF] [main] 路径内容:D:\argus\img\局部\05bf2c4c097ffb5cd4198a628f1311be.jpg
2024-11-10 14:06:46.964 +08:00 [INF] [main] 路径内容:D:\argus\img\局部\3f160e3827ea5aa149f3301a56b4f0a5.jpg
2024-11-10 14:06:46.964 +08:00 [INF] [main] 路径内容:D:\argus\img\局部\4a82eb7a3eeb553d2f6360af443d0215.jpg
2024-11-10 14:06:46.964 +08:00 [INF] [main] 路径内容:D:\argus\img\局部\4af3d6577b5911742036a7948e7e5c6e.jpg
2024-11-10 14:06:46.964 +08:00 [INF] [main] 路径内容:D:\argus\img\局部\5af4e7015ace0c590f0ce126ee88eb9d.jpg
2024-11-10 14:06:46.964 +08:00 [INF] [main] 路径内容:D:\argus\img\局部\5e9324ca411fa3f6.jpg
2024-11-10 14:06:46.964 +08:00 [INF] [main] 路径内容:D:\argus\img\局部\05bf2c4c097ffb5cd4198a628f1311be.jpg
2024-11-10 14:06:46.964 +08:00 [INF] [main] 路径内容:D:\argus\img\局部\3f160e3827ea5aa149f3301a56b4f0a5.jpg
2024-11-10 14:06:46.964 +08:00 [INF] [main] 路径内容:D:\argus\img\局部\4a82eb7a3eeb553d2f6360af443d0215.jpg
2024-11-10 14:06:46.964 +08:00 [INF] [main] 路径内容:D:\argus\img\局部\4af3d6577b5911742036a7948e7e5c6e.jpg
2024-11-10 14:06:46.964 +08:00 [INF] [main] 路径内容:D:\argus\img\局部\5af4e7015ace0c590f0ce126ee88eb9d.jpg
2024-11-10 14:06:46.964 +08:00 [INF] [main] 路径内容:D:\argus\img\局部\5e9324ca411fa3f6.jpg
2024-11-10 14:06:46.964 +08:00 [INF] [main] 路径内容:D:\argus\img\局部\05bf2c4c097ffb5cd4198a628f1311be.jpg
2024-11-10 14:06:46.964 +08:00 [INF] [main] 路径内容:D:\argus\img\局部\3f160e3827ea5aa149f3301a56b4f0a5.jpg
2024-11-10 14:06:46.964 +08:00 [INF] [main] 路径内容:D:\argus\img\局部\4a82eb7a3eeb553d2f6360af443d0215.jpg
2024-11-10 14:06:46.964 +08:00 [INF] [main] 路径内容:D:\argus\img\局部\4af3d6577b5911742036a7948e7e5c6e.jpg
2024-11-10 14:06:46.964 +08:00 [INF] [main] 路径内容:D:\argus\img\局部\5af4e7015ace0c590f0ce126ee88eb9d.jpg
2024-11-10 14:06:46.964 +08:00 [INF] [main] 路径内容:D:\argus\img\局部\5e9324ca411fa3f6.jpg
2024-11-10 14:07:04.728 +08:00 [INF] [main] 页面渲染
2024-11-10 14:07:04.732 +08:00 [INF] [main] 123123
2024-11-10 14:07:04.732 +08:00 [INF] [main] 路径内容:D:\argus\img\局部\05bf2c4c097ffb5cd4198a628f1311be.jpg
2024-11-10 14:07:04.732 +08:00 [INF] [main] 路径内容:D:\argus\img\局部\3f160e3827ea5aa149f3301a56b4f0a5.jpg
2024-11-10 14:07:04.732 +08:00 [INF] [main] 路径内容:D:\argus\img\局部\4a82eb7a3eeb553d2f6360af443d0215.jpg
2024-11-10 14:07:04.732 +08:00 [INF] [main] 路径内容:D:\argus\img\局部\4af3d6577b5911742036a7948e7e5c6e.jpg
2024-11-10 14:07:04.732 +08:00 [INF] [main] 路径内容:D:\argus\img\局部\5af4e7015ace0c590f0ce126ee88eb9d.jpg
2024-11-10 14:07:04.732 +08:00 [INF] [main] 路径内容:D:\argus\img\局部\5e9324ca411fa3f6.jpg
2024-11-10 14:07:04.732 +08:00 [INF] [main] 路径内容:D:\argus\img\局部\05bf2c4c097ffb5cd4198a628f1311be.jpg
2024-11-10 14:07:04.732 +08:00 [INF] [main] 路径内容:D:\argus\img\局部\3f160e3827ea5aa149f3301a56b4f0a5.jpg
2024-11-10 14:07:04.732 +08:00 [INF] [main] 路径内容:D:\argus\img\局部\4a82eb7a3eeb553d2f6360af443d0215.jpg
2024-11-10 14:07:04.732 +08:00 [INF] [main] 路径内容:D:\argus\img\局部\4af3d6577b5911742036a7948e7e5c6e.jpg
2024-11-10 14:07:04.732 +08:00 [INF] [main] 路径内容:D:\argus\img\局部\5af4e7015ace0c590f0ce126ee88eb9d.jpg
2024-11-10 14:07:04.732 +08:00 [INF] [main] 路径内容:D:\argus\img\局部\5e9324ca411fa3f6.jpg
2024-11-10 14:07:04.732 +08:00 [INF] [main] 路径内容:D:\argus\img\局部\05bf2c4c097ffb5cd4198a628f1311be.jpg
2024-11-10 14:07:04.732 +08:00 [INF] [main] 路径内容:D:\argus\img\局部\3f160e3827ea5aa149f3301a56b4f0a5.jpg
2024-11-10 14:07:04.732 +08:00 [INF] [main] 路径内容:D:\argus\img\局部\4a82eb7a3eeb553d2f6360af443d0215.jpg
2024-11-10 14:07:04.732 +08:00 [INF] [main] 路径内容:D:\argus\img\局部\4af3d6577b5911742036a7948e7e5c6e.jpg
2024-11-10 14:07:04.732 +08:00 [INF] [main] 路径内容:D:\argus\img\局部\5af4e7015ace0c590f0ce126ee88eb9d.jpg
2024-11-10 14:07:04.732 +08:00 [INF] [main] 路径内容:D:\argus\img\局部\5e9324ca411fa3f6.jpg
2024-11-10 14:07:04.732 +08:00 [INF] [main] 路径内容:D:\argus\img\局部\05bf2c4c097ffb5cd4198a628f1311be.jpg
2024-11-10 14:07:04.732 +08:00 [INF] [main] 路径内容:D:\argus\img\局部\3f160e3827ea5aa149f3301a56b4f0a5.jpg
2024-11-10 14:07:04.732 +08:00 [INF] [main] 路径内容:D:\argus\img\局部\4a82eb7a3eeb553d2f6360af443d0215.jpg
2024-11-10 14:07:04.732 +08:00 [INF] [main] 路径内容:D:\argus\img\局部\4af3d6577b5911742036a7948e7e5c6e.jpg
2024-11-10 14:07:04.732 +08:00 [INF] [main] 路径内容:D:\argus\img\局部\5af4e7015ace0c590f0ce126ee88eb9d.jpg
2024-11-10 14:07:04.732 +08:00 [INF] [main] 路径内容:D:\argus\img\局部\5e9324ca411fa3f6.jpg
2024-11-10 14:10:15.942 +08:00 [INF] [main] ====================================== 程序启动! ==================================
2024-11-10 14:10:30.902 +08:00 [INF] [main] 页面渲染
2024-11-10 14:10:31.424 +08:00 [INF] [main] 123123
2024-11-10 14:10:39.056 +08:00 [INF] [main] 页面渲染
2024-11-10 14:10:39.092 +08:00 [INF] [main] 123123
2024-11-10 14:10:57.733 +08:00 [INF] [main] ====================================== 程序启动! ==================================
2024-11-10 14:10:59.634 +08:00 [INF] [main] 页面渲染
2024-11-10 14:11:00.169 +08:00 [INF] [main] 123123
2024-11-10 14:11:00.170 +08:00 [INF] [main] 路径内容:D:\argus\img\局部\05bf2c4c097ffb5cd4198a628f1311be.jpg
2024-11-10 14:11:00.170 +08:00 [INF] [main] 路径内容:D:\argus\img\局部\3f160e3827ea5aa149f3301a56b4f0a5.jpg
2024-11-10 14:11:00.170 +08:00 [INF] [main] 路径内容:D:\argus\img\局部\4a82eb7a3eeb553d2f6360af443d0215.jpg
2024-11-10 14:11:00.170 +08:00 [INF] [main] 路径内容:D:\argus\img\局部\4af3d6577b5911742036a7948e7e5c6e.jpg
2024-11-10 14:11:00.170 +08:00 [INF] [main] 路径内容:D:\argus\img\局部\5af4e7015ace0c590f0ce126ee88eb9d.jpg
2024-11-10 14:11:00.170 +08:00 [INF] [main] 路径内容:D:\argus\img\局部\5e9324ca411fa3f6.jpg
2024-11-10 14:11:32.443 +08:00 [INF] [main] 页面渲染
2024-11-10 14:11:32.462 +08:00 [INF] [main] 123123
2024-11-10 14:11:32.462 +08:00 [INF] [main] 路径内容:D:\argus\img\局部\05bf2c4c097ffb5cd4198a628f1311be.jpg
2024-11-10 14:11:32.462 +08:00 [INF] [main] 路径内容:D:\argus\img\局部\3f160e3827ea5aa149f3301a56b4f0a5.jpg
2024-11-10 14:11:32.462 +08:00 [INF] [main] 路径内容:D:\argus\img\局部\4a82eb7a3eeb553d2f6360af443d0215.jpg
2024-11-10 14:11:32.462 +08:00 [INF] [main] 路径内容:D:\argus\img\局部\4af3d6577b5911742036a7948e7e5c6e.jpg
2024-11-10 14:11:32.462 +08:00 [INF] [main] 路径内容:D:\argus\img\局部\5af4e7015ace0c590f0ce126ee88eb9d.jpg
2024-11-10 14:11:32.462 +08:00 [INF] [main] 路径内容:D:\argus\img\局部\5e9324ca411fa3f6.jpg
2024-11-10 14:15:40.711 +08:00 [INF] [main] ====================================== 程序启动! ==================================
2024-11-10 14:15:41.882 +08:00 [INF] [main] 页面渲染
2024-11-10 14:15:42.418 +08:00 [INF] [main] 路径内容:D:\argus\img\局部\05bf2c4c097ffb5cd4198a628f1311be.jpg
2024-11-10 14:15:42.418 +08:00 [INF] [main] 路径内容:D:\argus\img\局部\3f160e3827ea5aa149f3301a56b4f0a5.jpg
2024-11-10 14:15:42.418 +08:00 [INF] [main] 路径内容:D:\argus\img\局部\4a82eb7a3eeb553d2f6360af443d0215.jpg
2024-11-10 14:15:42.418 +08:00 [INF] [main] 路径内容:D:\argus\img\局部\4af3d6577b5911742036a7948e7e5c6e.jpg
2024-11-10 14:15:42.418 +08:00 [INF] [main] 路径内容:D:\argus\img\局部\5af4e7015ace0c590f0ce126ee88eb9d.jpg
2024-11-10 14:15:42.418 +08:00 [INF] [main] 路径内容:D:\argus\img\局部\5e9324ca411fa3f6.jpg
2024-11-10 14:16:12.205 +08:00 [INF] [main] ====================================== 程序启动! ==================================
2024-11-10 14:16:13.314 +08:00 [INF] [main] 页面渲染
2024-11-10 14:16:13.841 +08:00 [INF] [main] 路径内容:D:\argus\img\局部\05bf2c4c097ffb5cd4198a628f1311be.jpg
2024-11-10 14:16:13.841 +08:00 [INF] [main] 路径内容:D:\argus\img\局部\3f160e3827ea5aa149f3301a56b4f0a5.jpg
2024-11-10 14:16:13.841 +08:00 [INF] [main] 路径内容:D:\argus\img\局部\4a82eb7a3eeb553d2f6360af443d0215.jpg
2024-11-10 14:16:13.841 +08:00 [INF] [main] 路径内容:D:\argus\img\局部\4af3d6577b5911742036a7948e7e5c6e.jpg
2024-11-10 14:16:13.841 +08:00 [INF] [main] 路径内容:D:\argus\img\局部\5af4e7015ace0c590f0ce126ee88eb9d.jpg
2024-11-10 14:16:13.841 +08:00 [INF] [main] 路径内容:D:\argus\img\局部\5e9324ca411fa3f6.jpg
2024-11-10 14:16:27.797 +08:00 [INF] [main] ====================================== 程序启动! ==================================
2024-11-10 14:16:28.618 +08:00 [INF] [main] 页面渲染
2024-11-10 14:16:29.159 +08:00 [INF] [main] 路径内容:D:\argus\img\局部\05bf2c4c097ffb5cd4198a628f1311be.jpg
2024-11-10 14:16:29.160 +08:00 [INF] [main] 路径内容:D:\argus\img\局部\3f160e3827ea5aa149f3301a56b4f0a5.jpg
2024-11-10 14:16:29.160 +08:00 [INF] [main] 路径内容:D:\argus\img\局部\4a82eb7a3eeb553d2f6360af443d0215.jpg
2024-11-10 14:16:29.160 +08:00 [INF] [main] 路径内容:D:\argus\img\局部\4af3d6577b5911742036a7948e7e5c6e.jpg
2024-11-10 14:16:29.160 +08:00 [INF] [main] 路径内容:D:\argus\img\局部\5af4e7015ace0c590f0ce126ee88eb9d.jpg
2024-11-10 14:16:29.160 +08:00 [INF] [main] 路径内容:D:\argus\img\局部\5e9324ca411fa3f6.jpg
2024-11-10 14:17:05.998 +08:00 [INF] [main] ====================================== 程序启动! ==================================
2024-11-10 14:17:07.170 +08:00 [INF] [main] 页面渲染
2024-11-10 14:17:07.692 +08:00 [INF] [main] 路径内容:D:\argus\img\局部\05bf2c4c097ffb5cd4198a628f1311be.jpg
2024-11-10 14:17:07.692 +08:00 [INF] [main] 路径内容:D:\argus\img\局部\3f160e3827ea5aa149f3301a56b4f0a5.jpg
2024-11-10 14:17:07.692 +08:00 [INF] [main] 路径内容:D:\argus\img\局部\4a82eb7a3eeb553d2f6360af443d0215.jpg
2024-11-10 14:17:07.692 +08:00 [INF] [main] 路径内容:D:\argus\img\局部\4af3d6577b5911742036a7948e7e5c6e.jpg
2024-11-10 14:17:07.692 +08:00 [INF] [main] 路径内容:D:\argus\img\局部\5af4e7015ace0c590f0ce126ee88eb9d.jpg
2024-11-10 14:17:07.692 +08:00 [INF] [main] 路径内容:D:\argus\img\局部\5e9324ca411fa3f6.jpg
2024-11-10 14:24:50.157 +08:00 [INF] [main] ====================================== 程序启动! ==================================
2024-11-10 14:36:23.860 +08:00 [INF] [main] 页面渲染
2024-11-10 14:36:24.380 +08:00 [INF] [main] 路径内容:D:\argus\img\局部\05bf2c4c097ffb5cd4198a628f1311be.jpg
2024-11-10 14:36:24.380 +08:00 [INF] [main] 路径内容:D:\argus\img\局部\3f160e3827ea5aa149f3301a56b4f0a5.jpg
2024-11-10 14:36:24.380 +08:00 [INF] [main] 路径内容:D:\argus\img\局部\4a82eb7a3eeb553d2f6360af443d0215.jpg
2024-11-10 14:36:24.380 +08:00 [INF] [main] 路径内容:D:\argus\img\局部\4af3d6577b5911742036a7948e7e5c6e.jpg
2024-11-10 14:36:24.380 +08:00 [INF] [main] 路径内容:D:\argus\img\局部\5af4e7015ace0c590f0ce126ee88eb9d.jpg
2024-11-10 14:36:24.380 +08:00 [INF] [main] 路径内容:D:\argus\img\局部\5e9324ca411fa3f6.jpg
2024-11-10 14:40:45.981 +08:00 [INF] [main] ====================================== 程序启动! ==================================
2024-11-10 14:40:47.784 +08:00 [INF] [main] 页面渲染
2024-11-10 14:40:48.354 +08:00 [INF] [main] 路径内容:D:\argus\img\局部\05bf2c4c097ffb5cd4198a628f1311be.jpg
2024-11-10 14:40:48.354 +08:00 [INF] [main] 路径内容:D:\argus\img\局部\3f160e3827ea5aa149f3301a56b4f0a5.jpg
2024-11-10 14:40:48.354 +08:00 [INF] [main] 路径内容:D:\argus\img\局部\4a82eb7a3eeb553d2f6360af443d0215.jpg
2024-11-10 14:40:48.354 +08:00 [INF] [main] 路径内容:D:\argus\img\局部\4af3d6577b5911742036a7948e7e5c6e.jpg
2024-11-10 14:40:48.354 +08:00 [INF] [main] 路径内容:D:\argus\img\局部\5af4e7015ace0c590f0ce126ee88eb9d.jpg
2024-11-10 14:40:48.354 +08:00 [INF] [main] 路径内容:D:\argus\img\局部\5e9324ca411fa3f6.jpg
2024-11-10 14:41:48.753 +08:00 [INF] [main] ====================================== 程序启动! ==================================
2024-11-10 14:41:49.962 +08:00 [INF] [main] 页面渲染
2024-11-10 14:41:50.493 +08:00 [INF] [main] 路径内容:D:\argus\img\局部\05bf2c4c097ffb5cd4198a628f1311be.jpg
2024-11-10 14:41:50.493 +08:00 [INF] [main] 路径内容:D:\argus\img\局部\3f160e3827ea5aa149f3301a56b4f0a5.jpg
2024-11-10 14:41:50.493 +08:00 [INF] [main] 路径内容:D:\argus\img\局部\4a82eb7a3eeb553d2f6360af443d0215.jpg
2024-11-10 14:41:50.493 +08:00 [INF] [main] 路径内容:D:\argus\img\局部\4af3d6577b5911742036a7948e7e5c6e.jpg
2024-11-10 14:41:50.493 +08:00 [INF] [main] 路径内容:D:\argus\img\局部\5af4e7015ace0c590f0ce126ee88eb9d.jpg
2024-11-10 14:41:50.493 +08:00 [INF] [main] 路径内容:D:\argus\img\局部\5e9324ca411fa3f6.jpg
2024-11-10 14:51:40.103 +08:00 [INF] [main] ====================================== 程序启动! ==================================
2024-11-10 14:51:42.140 +08:00 [INF] [main] 页面渲染
2024-11-10 14:51:42.701 +08:00 [INF] [main] 图像大小:3120 ,1440
2024-11-10 14:51:42.704 +08:00 [INF] [main] 图像大小:3120 ,1440
2024-11-10 14:51:42.705 +08:00 [INF] [main] 图像大小:1920 ,1080
2024-11-10 14:51:42.707 +08:00 [INF] [main] 图像大小:2339 ,1080
2024-11-10 14:51:42.708 +08:00 [INF] [main] 图像大小:1080 ,1080
2024-11-10 14:51:42.708 +08:00 [INF] [main] 图像大小:1920 ,1080
2024-11-10 14:51:42.708 +08:00 [INF] [main] 路径内容:D:\argus\img\局部\05bf2c4c097ffb5cd4198a628f1311be.jpg
2024-11-10 14:51:42.709 +08:00 [INF] [main] 路径内容:D:\argus\img\局部\3f160e3827ea5aa149f3301a56b4f0a5.jpg
2024-11-10 14:51:42.709 +08:00 [INF] [main] 路径内容:D:\argus\img\局部\4a82eb7a3eeb553d2f6360af443d0215.jpg
2024-11-10 14:51:42.709 +08:00 [INF] [main] 路径内容:D:\argus\img\局部\4af3d6577b5911742036a7948e7e5c6e.jpg
2024-11-10 14:51:42.709 +08:00 [INF] [main] 路径内容:D:\argus\img\局部\5af4e7015ace0c590f0ce126ee88eb9d.jpg
2024-11-10 14:51:42.709 +08:00 [INF] [main] 路径内容:D:\argus\img\局部\5e9324ca411fa3f6.jpg
2024-11-10 15:20:17.253 +08:00 [INF] [main] ====================================== 程序启动! ==================================
2024-11-10 15:20:19.268 +08:00 [INF] [main] 页面渲染
2024-11-10 15:20:19.824 +08:00 [INF] [main] 图像大小:3120 ,1440, a:
2024-11-10 15:20:19.827 +08:00 [INF] [main] 图像大小:3120 ,1440, a:
2024-11-10 15:20:19.828 +08:00 [INF] [main] 图像大小:1920 ,1080, a:
2024-11-10 15:20:19.829 +08:00 [INF] [main] 图像大小:2339 ,1080, a:
2024-11-10 15:20:19.830 +08:00 [INF] [main] 图像大小:1080 ,1080, a:
2024-11-10 15:20:19.830 +08:00 [INF] [main] 图像大小:1920 ,1080, a:
2024-11-10 15:20:19.831 +08:00 [INF] [main] 路径内容:D:\argus\img\局部\05bf2c4c097ffb5cd4198a628f1311be.jpg
2024-11-10 15:20:19.831 +08:00 [INF] [main] 路径内容:D:\argus\img\局部\3f160e3827ea5aa149f3301a56b4f0a5.jpg
2024-11-10 15:20:19.831 +08:00 [INF] [main] 路径内容:D:\argus\img\局部\4a82eb7a3eeb553d2f6360af443d0215.jpg
2024-11-10 15:20:19.831 +08:00 [INF] [main] 路径内容:D:\argus\img\局部\4af3d6577b5911742036a7948e7e5c6e.jpg
2024-11-10 15:20:19.831 +08:00 [INF] [main] 路径内容:D:\argus\img\局部\5af4e7015ace0c590f0ce126ee88eb9d.jpg
2024-11-10 15:20:19.831 +08:00 [INF] [main] 路径内容:D:\argus\img\局部\5e9324ca411fa3f6.jpg
