2024-11-08 20:09:14.071 +08:00 [INF] [main] ====================================== 程序启动! ==================================
2024-11-08 20:15:08.062 +08:00 [INF] [main] 路径更新成功 更新内容:StoragePath:D:\CHARLATANS\Documents\Downloads, IsEnable:$False, 更新前:D:\CHARLATANS\Documents\Downloads, False
2024-11-08 20:15:08.460 +08:00 [INF] [main] 路径更新成功 更新内容:StoragePath:D:\CHARLATANS\Documents\Downloads, IsEnable:$True, 更新前:D:\CHARLATANS\Documents\Downloads, True
2024-11-08 20:16:29.012 +08:00 [INF] [main] 路径更新成功 更新内容:StoragePath:D:\CHARLATANS\Documents\Downloads, IsEnable:$False, 更新前:D:\CHARLATANS\Documents\Downloads, False
2024-11-08 20:16:29.651 +08:00 [INF] [main] 路径更新成功 更新内容:StoragePath:D:\CHARLATANS\Documents\Downloads, IsEnable:$True, 更新前:D:\CHARLATANS\Documents\Downloads, True
2024-11-08 20:16:31.216 +08:00 [INF] [main] 路径更新成功 更新内容:StoragePath:D:\CHARLATANS\Documents\Downloads, IsEnable:$False, 更新前:D:\CHARLATANS\Documents\Downloads, False
2024-11-08 20:16:31.629 +08:00 [INF] [main] 路径更新成功 更新内容:StoragePath:D:\CHARLATANS\Documents\Downloads, IsEnable:$True, 更新前:D:\CHARLATANS\Documents\Downloads, True
2024-11-08 20:16:33.211 +08:00 [INF] [main] 路径更新成功 更新内容:StoragePath:D:\CHARLATANS\Documents\Downloads, IsEnable:$False, 更新前:D:\CHARLATANS\Documents\Downloads, False
2024-11-08 20:16:33.886 +08:00 [INF] [main] 路径更新成功 更新内容:StoragePath:D:\CHARLATANS\Documents\Downloads, IsEnable:$True, 更新前:D:\CHARLATANS\Documents\Downloads, True
2024-11-08 20:16:34.502 +08:00 [INF] [main] 路径更新成功 更新内容:StoragePath:D:\CHARLATANS\Documents\Downloads, IsEnable:$False, 更新前:D:\CHARLATANS\Documents\Downloads, False
2024-11-08 20:16:35.026 +08:00 [INF] [main] 路径更新成功 更新内容:StoragePath:D:\CHARLATANS\Documents\Downloads, IsEnable:$True, 更新前:D:\CHARLATANS\Documents\Downloads, True
2024-11-08 20:16:35.619 +08:00 [INF] [main] 路径更新成功 更新内容:StoragePath:D:\CHARLATANS\Documents\Downloads, IsEnable:$False, 更新前:D:\CHARLATANS\Documents\Downloads, False
2024-11-08 20:16:36.654 +08:00 [INF] [main] 路径更新成功 更新内容:StoragePath:D:\CHARLATANS\Documents\Downloads, IsEnable:$True, 更新前:D:\CHARLATANS\Documents\Downloads, True
2024-11-08 20:16:38.779 +08:00 [INF] [main] 路径更新成功 更新内容:StoragePath:D:\CHARLATANS\Documents\Downloads, IsEnable:$False, 更新前:D:\CHARLATANS\Documents\Downloads, False
2024-11-08 20:16:39.490 +08:00 [INF] [main] 路径更新成功 更新内容:StoragePath:D:\CHARLATANS\Documents\Downloads, IsEnable:$True, 更新前:D:\CHARLATANS\Documents\Downloads, True
2024-11-08 20:16:39.886 +08:00 [INF] [main] 路径更新成功 更新内容:StoragePath:D:\CHARLATANS\Documents\Downloads, IsEnable:$False, 更新前:D:\CHARLATANS\Documents\Downloads, False
2024-11-08 20:16:40.617 +08:00 [INF] [main] 路径更新成功 更新内容:StoragePath:D:\CHARLATANS\Documents\Downloads, IsEnable:$True, 更新前:D:\CHARLATANS\Documents\Downloads, True
2024-11-08 20:16:40.968 +08:00 [INF] [main] 路径更新成功 更新内容:StoragePath:D:\CHARLATANS\Documents\Downloads, IsEnable:$False, 更新前:D:\CHARLATANS\Documents\Downloads, False
2024-11-08 20:16:41.566 +08:00 [INF] [main] 路径更新成功 更新内容:StoragePath:D:\CHARLATANS\Documents\Downloads, IsEnable:$True, 更新前:D:\CHARLATANS\Documents\Downloads, True
2024-11-08 20:41:37.062 +08:00 [INF] [main] ====================================== 程序启动! ==================================
2024-11-08 20:48:11.944 +08:00 [INF] [main] ====================================== 程序启动! ==================================
2024-11-08 21:26:11.397 +08:00 [INF] [main] ====================================== 程序启动! ==================================
2024-11-08 21:26:24.245 +08:00 [INF] [main] 页面渲染
2024-11-08 21:26:27.983 +08:00 [INF] [main] 页面渲染
2024-11-08 21:26:29.175 +08:00 [INF] [main] 页面渲染
2024-11-08 21:42:13.251 +08:00 [INF] [main] ====================================== 程序启动! ==================================
2024-11-08 21:42:27.286 +08:00 [INF] [main] 页面渲染
2024-11-08 22:18:46.045 +08:00 [INF] [main] ====================================== 程序启动! ==================================
2024-11-08 22:18:48.550 +08:00 [INF] [main] 页面渲染
2024-11-08 22:18:49.021 +08:00 [INF] [main] 路径内容:System.Collections.Generic.List`1[Repository.entity.PhotoStoragePath]
2024-11-08 22:20:30.131 +08:00 [INF] [main] 页面渲染
2024-11-08 22:20:30.146 +08:00 [INF] [main] 路径内容:System.Collections.Generic.List`1[Repository.entity.PhotoStoragePath]
2024-11-08 22:20:36.726 +08:00 [INF] [main] ====================================== 程序启动! ==================================
2024-11-08 22:20:43.233 +08:00 [INF] [main] 页面渲染
2024-11-08 22:21:06.394 +08:00 [INF] [main] ====================================== 程序启动! ==================================
2024-11-08 22:21:57.231 +08:00 [INF] [main] 页面渲染
2024-11-08 22:21:57.705 +08:00 [INF] [main] 123123
2024-11-08 22:23:57.583 +08:00 [INF] [main] 路径存储成功 存储内容:StoragePath:E:\新建文件夹 (2)\2024年11月1日 22时52分\112_PANA, IsEnable:$True
2024-11-08 22:24:01.870 +08:00 [INF] [main] 页面渲染
2024-11-08 22:24:01.919 +08:00 [INF] [main] 123123
2024-11-08 22:24:01.920 +08:00 [INF] [main] 路径内容:E:\新建文件夹 (2)\2024年11月1日 22时52分\112_PANA\_YYL5241.JPG
2024-11-08 22:24:01.920 +08:00 [INF] [main] 路径内容:E:\新建文件夹 (2)\2024年11月1日 22时52分\112_PANA\_YYL5244.JPG
2024-11-08 22:24:01.920 +08:00 [INF] [main] 路径内容:E:\新建文件夹 (2)\2024年11月1日 22时52分\112_PANA\_YYL5258.JPG
2024-11-08 22:24:01.920 +08:00 [INF] [main] 路径内容:E:\新建文件夹 (2)\2024年11月1日 22时52分\112_PANA\_YYL5261.JPG
2024-11-08 22:24:01.920 +08:00 [INF] [main] 路径内容:E:\新建文件夹 (2)\2024年11月1日 22时52分\112_PANA\_YYL5276.JPG
2024-11-08 22:24:01.920 +08:00 [INF] [main] 路径内容:E:\新建文件夹 (2)\2024年11月1日 22时52分\112_PANA\_YYL5277.JPG
2024-11-08 22:24:01.920 +08:00 [INF] [main] 路径内容:E:\新建文件夹 (2)\2024年11月1日 22时52分\112_PANA\_YYL5338.JPG
2024-11-08 22:24:01.920 +08:00 [INF] [main] 路径内容:E:\新建文件夹 (2)\2024年11月1日 22时52分\112_PANA\_YYL5366.JPG
2024-11-08 22:24:01.920 +08:00 [INF] [main] 路径内容:E:\新建文件夹 (2)\2024年11月1日 22时52分\112_PANA\_YYL5369.JPG
2024-11-08 22:24:01.920 +08:00 [INF] [main] 路径内容:E:\新建文件夹 (2)\2024年11月1日 22时52分\112_PANA\_YYL5381.JPG
2024-11-08 22:24:01.920 +08:00 [INF] [main] 路径内容:E:\新建文件夹 (2)\2024年11月1日 22时52分\112_PANA\_YYL5397.JPG
2024-11-08 22:24:01.920 +08:00 [INF] [main] 路径内容:E:\新建文件夹 (2)\2024年11月1日 22时52分\112_PANA\_YYL5401.JPG
2024-11-08 22:24:01.920 +08:00 [INF] [main] 路径内容:E:\新建文件夹 (2)\2024年11月1日 22时52分\112_PANA\_YYL5403.JPG
2024-11-08 22:24:01.920 +08:00 [INF] [main] 路径内容:E:\新建文件夹 (2)\2024年11月1日 22时52分\112_PANA\_YYL5407.JPG
2024-11-08 22:24:01.920 +08:00 [INF] [main] 路径内容:E:\新建文件夹 (2)\2024年11月1日 22时52分\112_PANA\_YYL5420.JPG
2024-11-08 22:24:01.920 +08:00 [INF] [main] 路径内容:E:\新建文件夹 (2)\2024年11月1日 22时52分\112_PANA\_YYL5457.JPG
2024-11-08 22:24:01.920 +08:00 [INF] [main] 路径内容:E:\新建文件夹 (2)\2024年11月1日 22时52分\112_PANA\_YYL5458.JPG
2024-11-08 22:24:01.920 +08:00 [INF] [main] 路径内容:E:\新建文件夹 (2)\2024年11月1日 22时52分\112_PANA\_YYL5462.JPG
2024-11-08 22:24:01.920 +08:00 [INF] [main] 路径内容:E:\新建文件夹 (2)\2024年11月1日 22时52分\112_PANA\_YYL5466.JPG
2024-11-08 22:24:01.920 +08:00 [INF] [main] 路径内容:E:\新建文件夹 (2)\2024年11月1日 22时52分\112_PANA\_YYL5474.JPG
2024-11-08 22:24:01.920 +08:00 [INF] [main] 路径内容:E:\新建文件夹 (2)\2024年11月1日 22时52分\112_PANA\_YYL5475.JPG
2024-11-08 22:24:01.920 +08:00 [INF] [main] 路径内容:E:\新建文件夹 (2)\2024年11月1日 22时52分\112_PANA\_YYL5493.JPG
2024-11-08 22:24:01.920 +08:00 [INF] [main] 路径内容:E:\新建文件夹 (2)\2024年11月1日 22时52分\112_PANA\_YYL5498.JPG
2024-11-08 22:24:01.920 +08:00 [INF] [main] 路径内容:E:\新建文件夹 (2)\2024年11月1日 22时52分\112_PANA\_YYL5503.JPG
2024-11-08 22:24:01.920 +08:00 [INF] [main] 路径内容:E:\新建文件夹 (2)\2024年11月1日 22时52分\112_PANA\_YYL5510.JPG
2024-11-08 22:24:01.920 +08:00 [INF] [main] 路径内容:E:\新建文件夹 (2)\2024年11月1日 22时52分\112_PANA\_YYL5516.JPG
2024-11-08 22:24:01.920 +08:00 [INF] [main] 路径内容:E:\新建文件夹 (2)\2024年11月1日 22时52分\112_PANA\_YYL5520.JPG
2024-11-08 22:24:01.920 +08:00 [INF] [main] 路径内容:E:\新建文件夹 (2)\2024年11月1日 22时52分\112_PANA\_YYL5533.JPG
2024-11-08 22:24:01.920 +08:00 [INF] [main] 路径内容:E:\新建文件夹 (2)\2024年11月1日 22时52分\112_PANA\_YYL5545.JPG
2024-11-08 22:24:01.920 +08:00 [INF] [main] 路径内容:E:\新建文件夹 (2)\2024年11月1日 22时52分\112_PANA\_YYL5564.JPG
2024-11-08 22:24:01.920 +08:00 [INF] [main] 路径内容:E:\新建文件夹 (2)\2024年11月1日 22时52分\112_PANA\_YYL5566.JPG
2024-11-08 22:24:01.920 +08:00 [INF] [main] 路径内容:E:\新建文件夹 (2)\2024年11月1日 22时52分\112_PANA\_YYL5570.JPG
2024-11-08 22:24:01.920 +08:00 [INF] [main] 路径内容:E:\新建文件夹 (2)\2024年11月1日 22时52分\112_PANA\_YYL5572.JPG
2024-11-08 22:24:01.920 +08:00 [INF] [main] 路径内容:E:\新建文件夹 (2)\2024年11月1日 22时52分\112_PANA\_YYL5576.JPG
2024-11-08 22:24:01.920 +08:00 [INF] [main] 路径内容:E:\新建文件夹 (2)\2024年11月1日 22时52分\112_PANA\_YYL5577.JPG
2024-11-08 22:24:01.920 +08:00 [INF] [main] 路径内容:E:\新建文件夹 (2)\2024年11月1日 22时52分\112_PANA\_YYL5582.JPG
2024-11-08 22:24:01.920 +08:00 [INF] [main] 路径内容:E:\新建文件夹 (2)\2024年11月1日 22时52分\112_PANA\_YYL5585.JPG
2024-11-08 22:24:01.920 +08:00 [INF] [main] 路径内容:E:\新建文件夹 (2)\2024年11月1日 22时52分\112_PANA\_YYL5591.JPG
2024-11-08 22:24:01.920 +08:00 [INF] [main] 路径内容:E:\新建文件夹 (2)\2024年11月1日 22时52分\112_PANA\_YYL5595.JPG
2024-11-08 22:24:01.920 +08:00 [INF] [main] 路径内容:E:\新建文件夹 (2)\2024年11月1日 22时52分\112_PANA\_YYL5746.JPG
2024-11-08 22:24:01.920 +08:00 [INF] [main] 路径内容:E:\新建文件夹 (2)\2024年11月1日 22时52分\112_PANA\_YYL5811.JPG
2024-11-08 22:24:01.920 +08:00 [INF] [main] 路径内容:E:\新建文件夹 (2)\2024年11月1日 22时52分\112_PANA\_YYL5867.JPG
2024-11-08 22:24:56.793 +08:00 [INF] [main] 页面渲染
2024-11-08 22:24:56.831 +08:00 [INF] [main] 123123
2024-11-08 22:24:56.831 +08:00 [INF] [main] 路径内容:E:\新建文件夹 (2)\2024年11月1日 22时52分\112_PANA\_YYL5241.JPG
2024-11-08 22:24:56.831 +08:00 [INF] [main] 路径内容:E:\新建文件夹 (2)\2024年11月1日 22时52分\112_PANA\_YYL5244.JPG
2024-11-08 22:24:56.831 +08:00 [INF] [main] 路径内容:E:\新建文件夹 (2)\2024年11月1日 22时52分\112_PANA\_YYL5258.JPG
2024-11-08 22:24:56.831 +08:00 [INF] [main] 路径内容:E:\新建文件夹 (2)\2024年11月1日 22时52分\112_PANA\_YYL5261.JPG
2024-11-08 22:24:56.831 +08:00 [INF] [main] 路径内容:E:\新建文件夹 (2)\2024年11月1日 22时52分\112_PANA\_YYL5276.JPG
2024-11-08 22:24:56.831 +08:00 [INF] [main] 路径内容:E:\新建文件夹 (2)\2024年11月1日 22时52分\112_PANA\_YYL5277.JPG
2024-11-08 22:24:56.831 +08:00 [INF] [main] 路径内容:E:\新建文件夹 (2)\2024年11月1日 22时52分\112_PANA\_YYL5338.JPG
2024-11-08 22:24:56.831 +08:00 [INF] [main] 路径内容:E:\新建文件夹 (2)\2024年11月1日 22时52分\112_PANA\_YYL5366.JPG
2024-11-08 22:24:56.831 +08:00 [INF] [main] 路径内容:E:\新建文件夹 (2)\2024年11月1日 22时52分\112_PANA\_YYL5369.JPG
2024-11-08 22:24:56.832 +08:00 [INF] [main] 路径内容:E:\新建文件夹 (2)\2024年11月1日 22时52分\112_PANA\_YYL5381.JPG
2024-11-08 22:24:56.832 +08:00 [INF] [main] 路径内容:E:\新建文件夹 (2)\2024年11月1日 22时52分\112_PANA\_YYL5397.JPG
2024-11-08 22:24:56.832 +08:00 [INF] [main] 路径内容:E:\新建文件夹 (2)\2024年11月1日 22时52分\112_PANA\_YYL5401.JPG
2024-11-08 22:24:56.832 +08:00 [INF] [main] 路径内容:E:\新建文件夹 (2)\2024年11月1日 22时52分\112_PANA\_YYL5403.JPG
2024-11-08 22:24:56.832 +08:00 [INF] [main] 路径内容:E:\新建文件夹 (2)\2024年11月1日 22时52分\112_PANA\_YYL5407.JPG
2024-11-08 22:24:56.832 +08:00 [INF] [main] 路径内容:E:\新建文件夹 (2)\2024年11月1日 22时52分\112_PANA\_YYL5420.JPG
2024-11-08 22:24:56.832 +08:00 [INF] [main] 路径内容:E:\新建文件夹 (2)\2024年11月1日 22时52分\112_PANA\_YYL5457.JPG
2024-11-08 22:24:56.832 +08:00 [INF] [main] 路径内容:E:\新建文件夹 (2)\2024年11月1日 22时52分\112_PANA\_YYL5458.JPG
2024-11-08 22:24:56.832 +08:00 [INF] [main] 路径内容:E:\新建文件夹 (2)\2024年11月1日 22时52分\112_PANA\_YYL5462.JPG
2024-11-08 22:24:56.832 +08:00 [INF] [main] 路径内容:E:\新建文件夹 (2)\2024年11月1日 22时52分\112_PANA\_YYL5466.JPG
2024-11-08 22:24:56.832 +08:00 [INF] [main] 路径内容:E:\新建文件夹 (2)\2024年11月1日 22时52分\112_PANA\_YYL5474.JPG
2024-11-08 22:24:56.832 +08:00 [INF] [main] 路径内容:E:\新建文件夹 (2)\2024年11月1日 22时52分\112_PANA\_YYL5475.JPG
2024-11-08 22:24:56.832 +08:00 [INF] [main] 路径内容:E:\新建文件夹 (2)\2024年11月1日 22时52分\112_PANA\_YYL5493.JPG
2024-11-08 22:24:56.832 +08:00 [INF] [main] 路径内容:E:\新建文件夹 (2)\2024年11月1日 22时52分\112_PANA\_YYL5498.JPG
2024-11-08 22:24:56.832 +08:00 [INF] [main] 路径内容:E:\新建文件夹 (2)\2024年11月1日 22时52分\112_PANA\_YYL5503.JPG
2024-11-08 22:24:56.832 +08:00 [INF] [main] 路径内容:E:\新建文件夹 (2)\2024年11月1日 22时52分\112_PANA\_YYL5510.JPG
2024-11-08 22:24:56.832 +08:00 [INF] [main] 路径内容:E:\新建文件夹 (2)\2024年11月1日 22时52分\112_PANA\_YYL5516.JPG
2024-11-08 22:24:56.832 +08:00 [INF] [main] 路径内容:E:\新建文件夹 (2)\2024年11月1日 22时52分\112_PANA\_YYL5520.JPG
2024-11-08 22:24:56.832 +08:00 [INF] [main] 路径内容:E:\新建文件夹 (2)\2024年11月1日 22时52分\112_PANA\_YYL5533.JPG
2024-11-08 22:24:56.832 +08:00 [INF] [main] 路径内容:E:\新建文件夹 (2)\2024年11月1日 22时52分\112_PANA\_YYL5545.JPG
2024-11-08 22:24:56.832 +08:00 [INF] [main] 路径内容:E:\新建文件夹 (2)\2024年11月1日 22时52分\112_PANA\_YYL5564.JPG
2024-11-08 22:24:56.832 +08:00 [INF] [main] 路径内容:E:\新建文件夹 (2)\2024年11月1日 22时52分\112_PANA\_YYL5566.JPG
2024-11-08 22:24:56.832 +08:00 [INF] [main] 路径内容:E:\新建文件夹 (2)\2024年11月1日 22时52分\112_PANA\_YYL5570.JPG
2024-11-08 22:24:56.832 +08:00 [INF] [main] 路径内容:E:\新建文件夹 (2)\2024年11月1日 22时52分\112_PANA\_YYL5572.JPG
2024-11-08 22:24:56.832 +08:00 [INF] [main] 路径内容:E:\新建文件夹 (2)\2024年11月1日 22时52分\112_PANA\_YYL5576.JPG
2024-11-08 22:24:56.832 +08:00 [INF] [main] 路径内容:E:\新建文件夹 (2)\2024年11月1日 22时52分\112_PANA\_YYL5577.JPG
2024-11-08 22:24:56.832 +08:00 [INF] [main] 路径内容:E:\新建文件夹 (2)\2024年11月1日 22时52分\112_PANA\_YYL5582.JPG
2024-11-08 22:24:56.832 +08:00 [INF] [main] 路径内容:E:\新建文件夹 (2)\2024年11月1日 22时52分\112_PANA\_YYL5585.JPG
2024-11-08 22:24:56.832 +08:00 [INF] [main] 路径内容:E:\新建文件夹 (2)\2024年11月1日 22时52分\112_PANA\_YYL5591.JPG
2024-11-08 22:24:56.832 +08:00 [INF] [main] 路径内容:E:\新建文件夹 (2)\2024年11月1日 22时52分\112_PANA\_YYL5595.JPG
2024-11-08 22:24:56.832 +08:00 [INF] [main] 路径内容:E:\新建文件夹 (2)\2024年11月1日 22时52分\112_PANA\_YYL5746.JPG
2024-11-08 22:24:56.832 +08:00 [INF] [main] 路径内容:E:\新建文件夹 (2)\2024年11月1日 22时52分\112_PANA\_YYL5811.JPG
2024-11-08 22:24:56.832 +08:00 [INF] [main] 路径内容:E:\新建文件夹 (2)\2024年11月1日 22时52分\112_PANA\_YYL5867.JPG
2024-11-08 22:24:56.832 +08:00 [INF] [main] 路径内容:E:\新建文件夹 (2)\2024年11月1日 22时52分\112_PANA\_YYL5241.JPG
2024-11-08 22:24:56.832 +08:00 [INF] [main] 路径内容:E:\新建文件夹 (2)\2024年11月1日 22时52分\112_PANA\_YYL5244.JPG
2024-11-08 22:24:56.836 +08:00 [INF] [main] 路径内容:E:\新建文件夹 (2)\2024年11月1日 22时52分\112_PANA\_YYL5258.JPG
2024-11-08 22:24:56.836 +08:00 [INF] [main] 路径内容:E:\新建文件夹 (2)\2024年11月1日 22时52分\112_PANA\_YYL5261.JPG
2024-11-08 22:24:56.836 +08:00 [INF] [main] 路径内容:E:\新建文件夹 (2)\2024年11月1日 22时52分\112_PANA\_YYL5276.JPG
2024-11-08 22:24:56.836 +08:00 [INF] [main] 路径内容:E:\新建文件夹 (2)\2024年11月1日 22时52分\112_PANA\_YYL5277.JPG
2024-11-08 22:24:56.836 +08:00 [INF] [main] 路径内容:E:\新建文件夹 (2)\2024年11月1日 22时52分\112_PANA\_YYL5338.JPG
2024-11-08 22:24:56.836 +08:00 [INF] [main] 路径内容:E:\新建文件夹 (2)\2024年11月1日 22时52分\112_PANA\_YYL5366.JPG
2024-11-08 22:24:56.836 +08:00 [INF] [main] 路径内容:E:\新建文件夹 (2)\2024年11月1日 22时52分\112_PANA\_YYL5369.JPG
2024-11-08 22:24:56.836 +08:00 [INF] [main] 路径内容:E:\新建文件夹 (2)\2024年11月1日 22时52分\112_PANA\_YYL5381.JPG
2024-11-08 22:24:56.836 +08:00 [INF] [main] 路径内容:E:\新建文件夹 (2)\2024年11月1日 22时52分\112_PANA\_YYL5397.JPG
2024-11-08 22:24:56.836 +08:00 [INF] [main] 路径内容:E:\新建文件夹 (2)\2024年11月1日 22时52分\112_PANA\_YYL5401.JPG
2024-11-08 22:24:56.836 +08:00 [INF] [main] 路径内容:E:\新建文件夹 (2)\2024年11月1日 22时52分\112_PANA\_YYL5403.JPG
2024-11-08 22:24:56.836 +08:00 [INF] [main] 路径内容:E:\新建文件夹 (2)\2024年11月1日 22时52分\112_PANA\_YYL5407.JPG
2024-11-08 22:24:56.836 +08:00 [INF] [main] 路径内容:E:\新建文件夹 (2)\2024年11月1日 22时52分\112_PANA\_YYL5420.JPG
2024-11-08 22:24:56.836 +08:00 [INF] [main] 路径内容:E:\新建文件夹 (2)\2024年11月1日 22时52分\112_PANA\_YYL5457.JPG
2024-11-08 22:24:56.836 +08:00 [INF] [main] 路径内容:E:\新建文件夹 (2)\2024年11月1日 22时52分\112_PANA\_YYL5458.JPG
2024-11-08 22:24:56.836 +08:00 [INF] [main] 路径内容:E:\新建文件夹 (2)\2024年11月1日 22时52分\112_PANA\_YYL5462.JPG
2024-11-08 22:24:56.836 +08:00 [INF] [main] 路径内容:E:\新建文件夹 (2)\2024年11月1日 22时52分\112_PANA\_YYL5466.JPG
2024-11-08 22:24:56.836 +08:00 [INF] [main] 路径内容:E:\新建文件夹 (2)\2024年11月1日 22时52分\112_PANA\_YYL5474.JPG
2024-11-08 22:24:56.836 +08:00 [INF] [main] 路径内容:E:\新建文件夹 (2)\2024年11月1日 22时52分\112_PANA\_YYL5475.JPG
2024-11-08 22:24:56.836 +08:00 [INF] [main] 路径内容:E:\新建文件夹 (2)\2024年11月1日 22时52分\112_PANA\_YYL5493.JPG
2024-11-08 22:24:56.836 +08:00 [INF] [main] 路径内容:E:\新建文件夹 (2)\2024年11月1日 22时52分\112_PANA\_YYL5498.JPG
2024-11-08 22:24:56.836 +08:00 [INF] [main] 路径内容:E:\新建文件夹 (2)\2024年11月1日 22时52分\112_PANA\_YYL5503.JPG
2024-11-08 22:24:56.836 +08:00 [INF] [main] 路径内容:E:\新建文件夹 (2)\2024年11月1日 22时52分\112_PANA\_YYL5510.JPG
2024-11-08 22:24:56.836 +08:00 [INF] [main] 路径内容:E:\新建文件夹 (2)\2024年11月1日 22时52分\112_PANA\_YYL5516.JPG
2024-11-08 22:24:56.836 +08:00 [INF] [main] 路径内容:E:\新建文件夹 (2)\2024年11月1日 22时52分\112_PANA\_YYL5520.JPG
2024-11-08 22:24:56.836 +08:00 [INF] [main] 路径内容:E:\新建文件夹 (2)\2024年11月1日 22时52分\112_PANA\_YYL5533.JPG
2024-11-08 22:24:56.836 +08:00 [INF] [main] 路径内容:E:\新建文件夹 (2)\2024年11月1日 22时52分\112_PANA\_YYL5545.JPG
2024-11-08 22:24:56.836 +08:00 [INF] [main] 路径内容:E:\新建文件夹 (2)\2024年11月1日 22时52分\112_PANA\_YYL5564.JPG
2024-11-08 22:24:56.836 +08:00 [INF] [main] 路径内容:E:\新建文件夹 (2)\2024年11月1日 22时52分\112_PANA\_YYL5566.JPG
2024-11-08 22:24:56.836 +08:00 [INF] [main] 路径内容:E:\新建文件夹 (2)\2024年11月1日 22时52分\112_PANA\_YYL5570.JPG
2024-11-08 22:24:56.836 +08:00 [INF] [main] 路径内容:E:\新建文件夹 (2)\2024年11月1日 22时52分\112_PANA\_YYL5572.JPG
2024-11-08 22:24:56.836 +08:00 [INF] [main] 路径内容:E:\新建文件夹 (2)\2024年11月1日 22时52分\112_PANA\_YYL5576.JPG
2024-11-08 22:24:56.836 +08:00 [INF] [main] 路径内容:E:\新建文件夹 (2)\2024年11月1日 22时52分\112_PANA\_YYL5577.JPG
2024-11-08 22:24:56.836 +08:00 [INF] [main] 路径内容:E:\新建文件夹 (2)\2024年11月1日 22时52分\112_PANA\_YYL5582.JPG
2024-11-08 22:24:56.836 +08:00 [INF] [main] 路径内容:E:\新建文件夹 (2)\2024年11月1日 22时52分\112_PANA\_YYL5585.JPG
2024-11-08 22:24:56.836 +08:00 [INF] [main] 路径内容:E:\新建文件夹 (2)\2024年11月1日 22时52分\112_PANA\_YYL5591.JPG
2024-11-08 22:24:56.836 +08:00 [INF] [main] 路径内容:E:\新建文件夹 (2)\2024年11月1日 22时52分\112_PANA\_YYL5595.JPG
2024-11-08 22:24:56.836 +08:00 [INF] [main] 路径内容:E:\新建文件夹 (2)\2024年11月1日 22时52分\112_PANA\_YYL5746.JPG
2024-11-08 22:24:56.836 +08:00 [INF] [main] 路径内容:E:\新建文件夹 (2)\2024年11月1日 22时52分\112_PANA\_YYL5811.JPG
2024-11-08 22:24:56.836 +08:00 [INF] [main] 路径内容:E:\新建文件夹 (2)\2024年11月1日 22时52分\112_PANA\_YYL5867.JPG
2024-11-08 22:24:58.026 +08:00 [INF] [main] 页面渲染
2024-11-08 22:24:58.043 +08:00 [INF] [main] 123123
2024-11-08 22:24:58.043 +08:00 [INF] [main] 路径内容:E:\新建文件夹 (2)\2024年11月1日 22时52分\112_PANA\_YYL5241.JPG
2024-11-08 22:24:58.043 +08:00 [INF] [main] 路径内容:E:\新建文件夹 (2)\2024年11月1日 22时52分\112_PANA\_YYL5244.JPG
2024-11-08 22:24:58.043 +08:00 [INF] [main] 路径内容:E:\新建文件夹 (2)\2024年11月1日 22时52分\112_PANA\_YYL5258.JPG
2024-11-08 22:24:58.043 +08:00 [INF] [main] 路径内容:E:\新建文件夹 (2)\2024年11月1日 22时52分\112_PANA\_YYL5261.JPG
2024-11-08 22:24:58.043 +08:00 [INF] [main] 路径内容:E:\新建文件夹 (2)\2024年11月1日 22时52分\112_PANA\_YYL5276.JPG
2024-11-08 22:24:58.043 +08:00 [INF] [main] 路径内容:E:\新建文件夹 (2)\2024年11月1日 22时52分\112_PANA\_YYL5277.JPG
2024-11-08 22:24:58.043 +08:00 [INF] [main] 路径内容:E:\新建文件夹 (2)\2024年11月1日 22时52分\112_PANA\_YYL5338.JPG
2024-11-08 22:24:58.043 +08:00 [INF] [main] 路径内容:E:\新建文件夹 (2)\2024年11月1日 22时52分\112_PANA\_YYL5366.JPG
2024-11-08 22:24:58.043 +08:00 [INF] [main] 路径内容:E:\新建文件夹 (2)\2024年11月1日 22时52分\112_PANA\_YYL5369.JPG
2024-11-08 22:24:58.043 +08:00 [INF] [main] 路径内容:E:\新建文件夹 (2)\2024年11月1日 22时52分\112_PANA\_YYL5381.JPG
2024-11-08 22:24:58.043 +08:00 [INF] [main] 路径内容:E:\新建文件夹 (2)\2024年11月1日 22时52分\112_PANA\_YYL5397.JPG
2024-11-08 22:24:58.043 +08:00 [INF] [main] 路径内容:E:\新建文件夹 (2)\2024年11月1日 22时52分\112_PANA\_YYL5401.JPG
2024-11-08 22:24:58.043 +08:00 [INF] [main] 路径内容:E:\新建文件夹 (2)\2024年11月1日 22时52分\112_PANA\_YYL5403.JPG
2024-11-08 22:24:58.043 +08:00 [INF] [main] 路径内容:E:\新建文件夹 (2)\2024年11月1日 22时52分\112_PANA\_YYL5407.JPG
2024-11-08 22:24:58.043 +08:00 [INF] [main] 路径内容:E:\新建文件夹 (2)\2024年11月1日 22时52分\112_PANA\_YYL5420.JPG
2024-11-08 22:24:58.043 +08:00 [INF] [main] 路径内容:E:\新建文件夹 (2)\2024年11月1日 22时52分\112_PANA\_YYL5457.JPG
2024-11-08 22:24:58.043 +08:00 [INF] [main] 路径内容:E:\新建文件夹 (2)\2024年11月1日 22时52分\112_PANA\_YYL5458.JPG
2024-11-08 22:24:58.043 +08:00 [INF] [main] 路径内容:E:\新建文件夹 (2)\2024年11月1日 22时52分\112_PANA\_YYL5462.JPG
2024-11-08 22:24:58.043 +08:00 [INF] [main] 路径内容:E:\新建文件夹 (2)\2024年11月1日 22时52分\112_PANA\_YYL5466.JPG
2024-11-08 22:24:58.043 +08:00 [INF] [main] 路径内容:E:\新建文件夹 (2)\2024年11月1日 22时52分\112_PANA\_YYL5474.JPG
2024-11-08 22:24:58.043 +08:00 [INF] [main] 路径内容:E:\新建文件夹 (2)\2024年11月1日 22时52分\112_PANA\_YYL5475.JPG
2024-11-08 22:24:58.043 +08:00 [INF] [main] 路径内容:E:\新建文件夹 (2)\2024年11月1日 22时52分\112_PANA\_YYL5493.JPG
2024-11-08 22:24:58.043 +08:00 [INF] [main] 路径内容:E:\新建文件夹 (2)\2024年11月1日 22时52分\112_PANA\_YYL5498.JPG
2024-11-08 22:24:58.043 +08:00 [INF] [main] 路径内容:E:\新建文件夹 (2)\2024年11月1日 22时52分\112_PANA\_YYL5503.JPG
2024-11-08 22:24:58.043 +08:00 [INF] [main] 路径内容:E:\新建文件夹 (2)\2024年11月1日 22时52分\112_PANA\_YYL5510.JPG
2024-11-08 22:24:58.043 +08:00 [INF] [main] 路径内容:E:\新建文件夹 (2)\2024年11月1日 22时52分\112_PANA\_YYL5516.JPG
2024-11-08 22:24:58.043 +08:00 [INF] [main] 路径内容:E:\新建文件夹 (2)\2024年11月1日 22时52分\112_PANA\_YYL5520.JPG
2024-11-08 22:24:58.043 +08:00 [INF] [main] 路径内容:E:\新建文件夹 (2)\2024年11月1日 22时52分\112_PANA\_YYL5533.JPG
2024-11-08 22:24:58.043 +08:00 [INF] [main] 路径内容:E:\新建文件夹 (2)\2024年11月1日 22时52分\112_PANA\_YYL5545.JPG
2024-11-08 22:24:58.043 +08:00 [INF] [main] 路径内容:E:\新建文件夹 (2)\2024年11月1日 22时52分\112_PANA\_YYL5564.JPG
2024-11-08 22:24:58.043 +08:00 [INF] [main] 路径内容:E:\新建文件夹 (2)\2024年11月1日 22时52分\112_PANA\_YYL5566.JPG
2024-11-08 22:24:58.043 +08:00 [INF] [main] 路径内容:E:\新建文件夹 (2)\2024年11月1日 22时52分\112_PANA\_YYL5570.JPG
2024-11-08 22:24:58.043 +08:00 [INF] [main] 路径内容:E:\新建文件夹 (2)\2024年11月1日 22时52分\112_PANA\_YYL5572.JPG
2024-11-08 22:24:58.043 +08:00 [INF] [main] 路径内容:E:\新建文件夹 (2)\2024年11月1日 22时52分\112_PANA\_YYL5576.JPG
2024-11-08 22:24:58.043 +08:00 [INF] [main] 路径内容:E:\新建文件夹 (2)\2024年11月1日 22时52分\112_PANA\_YYL5577.JPG
2024-11-08 22:24:58.043 +08:00 [INF] [main] 路径内容:E:\新建文件夹 (2)\2024年11月1日 22时52分\112_PANA\_YYL5582.JPG
2024-11-08 22:24:58.043 +08:00 [INF] [main] 路径内容:E:\新建文件夹 (2)\2024年11月1日 22时52分\112_PANA\_YYL5585.JPG
2024-11-08 22:24:58.043 +08:00 [INF] [main] 路径内容:E:\新建文件夹 (2)\2024年11月1日 22时52分\112_PANA\_YYL5591.JPG
2024-11-08 22:24:58.044 +08:00 [INF] [main] 路径内容:E:\新建文件夹 (2)\2024年11月1日 22时52分\112_PANA\_YYL5595.JPG
2024-11-08 22:24:58.044 +08:00 [INF] [main] 路径内容:E:\新建文件夹 (2)\2024年11月1日 22时52分\112_PANA\_YYL5746.JPG
2024-11-08 22:24:58.044 +08:00 [INF] [main] 路径内容:E:\新建文件夹 (2)\2024年11月1日 22时52分\112_PANA\_YYL5811.JPG
2024-11-08 22:24:58.044 +08:00 [INF] [main] 路径内容:E:\新建文件夹 (2)\2024年11月1日 22时52分\112_PANA\_YYL5867.JPG
2024-11-08 22:24:58.044 +08:00 [INF] [main] 路径内容:E:\新建文件夹 (2)\2024年11月1日 22时52分\112_PANA\_YYL5241.JPG
2024-11-08 22:24:58.044 +08:00 [INF] [main] 路径内容:E:\新建文件夹 (2)\2024年11月1日 22时52分\112_PANA\_YYL5244.JPG
2024-11-08 22:24:58.044 +08:00 [INF] [main] 路径内容:E:\新建文件夹 (2)\2024年11月1日 22时52分\112_PANA\_YYL5258.JPG
2024-11-08 22:24:58.044 +08:00 [INF] [main] 路径内容:E:\新建文件夹 (2)\2024年11月1日 22时52分\112_PANA\_YYL5261.JPG
2024-11-08 22:24:58.044 +08:00 [INF] [main] 路径内容:E:\新建文件夹 (2)\2024年11月1日 22时52分\112_PANA\_YYL5276.JPG
2024-11-08 22:24:58.044 +08:00 [INF] [main] 路径内容:E:\新建文件夹 (2)\2024年11月1日 22时52分\112_PANA\_YYL5277.JPG
2024-11-08 22:24:58.044 +08:00 [INF] [main] 路径内容:E:\新建文件夹 (2)\2024年11月1日 22时52分\112_PANA\_YYL5338.JPG
2024-11-08 22:24:58.044 +08:00 [INF] [main] 路径内容:E:\新建文件夹 (2)\2024年11月1日 22时52分\112_PANA\_YYL5366.JPG
2024-11-08 22:24:58.044 +08:00 [INF] [main] 路径内容:E:\新建文件夹 (2)\2024年11月1日 22时52分\112_PANA\_YYL5369.JPG
2024-11-08 22:24:58.044 +08:00 [INF] [main] 路径内容:E:\新建文件夹 (2)\2024年11月1日 22时52分\112_PANA\_YYL5381.JPG
2024-11-08 22:24:58.044 +08:00 [INF] [main] 路径内容:E:\新建文件夹 (2)\2024年11月1日 22时52分\112_PANA\_YYL5397.JPG
2024-11-08 22:24:58.044 +08:00 [INF] [main] 路径内容:E:\新建文件夹 (2)\2024年11月1日 22时52分\112_PANA\_YYL5401.JPG
2024-11-08 22:24:58.044 +08:00 [INF] [main] 路径内容:E:\新建文件夹 (2)\2024年11月1日 22时52分\112_PANA\_YYL5403.JPG
2024-11-08 22:24:58.044 +08:00 [INF] [main] 路径内容:E:\新建文件夹 (2)\2024年11月1日 22时52分\112_PANA\_YYL5407.JPG
2024-11-08 22:24:58.044 +08:00 [INF] [main] 路径内容:E:\新建文件夹 (2)\2024年11月1日 22时52分\112_PANA\_YYL5420.JPG
2024-11-08 22:24:58.044 +08:00 [INF] [main] 路径内容:E:\新建文件夹 (2)\2024年11月1日 22时52分\112_PANA\_YYL5457.JPG
2024-11-08 22:24:58.044 +08:00 [INF] [main] 路径内容:E:\新建文件夹 (2)\2024年11月1日 22时52分\112_PANA\_YYL5458.JPG
2024-11-08 22:24:58.044 +08:00 [INF] [main] 路径内容:E:\新建文件夹 (2)\2024年11月1日 22时52分\112_PANA\_YYL5462.JPG
2024-11-08 22:24:58.044 +08:00 [INF] [main] 路径内容:E:\新建文件夹 (2)\2024年11月1日 22时52分\112_PANA\_YYL5466.JPG
2024-11-08 22:24:58.044 +08:00 [INF] [main] 路径内容:E:\新建文件夹 (2)\2024年11月1日 22时52分\112_PANA\_YYL5474.JPG
2024-11-08 22:24:58.044 +08:00 [INF] [main] 路径内容:E:\新建文件夹 (2)\2024年11月1日 22时52分\112_PANA\_YYL5475.JPG
2024-11-08 22:24:58.044 +08:00 [INF] [main] 路径内容:E:\新建文件夹 (2)\2024年11月1日 22时52分\112_PANA\_YYL5493.JPG
2024-11-08 22:24:58.044 +08:00 [INF] [main] 路径内容:E:\新建文件夹 (2)\2024年11月1日 22时52分\112_PANA\_YYL5498.JPG
2024-11-08 22:24:58.044 +08:00 [INF] [main] 路径内容:E:\新建文件夹 (2)\2024年11月1日 22时52分\112_PANA\_YYL5503.JPG
2024-11-08 22:24:58.044 +08:00 [INF] [main] 路径内容:E:\新建文件夹 (2)\2024年11月1日 22时52分\112_PANA\_YYL5510.JPG
2024-11-08 22:24:58.044 +08:00 [INF] [main] 路径内容:E:\新建文件夹 (2)\2024年11月1日 22时52分\112_PANA\_YYL5516.JPG
2024-11-08 22:24:58.044 +08:00 [INF] [main] 路径内容:E:\新建文件夹 (2)\2024年11月1日 22时52分\112_PANA\_YYL5520.JPG
2024-11-08 22:24:58.044 +08:00 [INF] [main] 路径内容:E:\新建文件夹 (2)\2024年11月1日 22时52分\112_PANA\_YYL5533.JPG
2024-11-08 22:24:58.044 +08:00 [INF] [main] 路径内容:E:\新建文件夹 (2)\2024年11月1日 22时52分\112_PANA\_YYL5545.JPG
2024-11-08 22:24:58.044 +08:00 [INF] [main] 路径内容:E:\新建文件夹 (2)\2024年11月1日 22时52分\112_PANA\_YYL5564.JPG
2024-11-08 22:24:58.044 +08:00 [INF] [main] 路径内容:E:\新建文件夹 (2)\2024年11月1日 22时52分\112_PANA\_YYL5566.JPG
2024-11-08 22:24:58.044 +08:00 [INF] [main] 路径内容:E:\新建文件夹 (2)\2024年11月1日 22时52分\112_PANA\_YYL5570.JPG
2024-11-08 22:24:58.044 +08:00 [INF] [main] 路径内容:E:\新建文件夹 (2)\2024年11月1日 22时52分\112_PANA\_YYL5572.JPG
2024-11-08 22:24:58.044 +08:00 [INF] [main] 路径内容:E:\新建文件夹 (2)\2024年11月1日 22时52分\112_PANA\_YYL5576.JPG
2024-11-08 22:24:58.044 +08:00 [INF] [main] 路径内容:E:\新建文件夹 (2)\2024年11月1日 22时52分\112_PANA\_YYL5577.JPG
2024-11-08 22:24:58.044 +08:00 [INF] [main] 路径内容:E:\新建文件夹 (2)\2024年11月1日 22时52分\112_PANA\_YYL5582.JPG
2024-11-08 22:24:58.044 +08:00 [INF] [main] 路径内容:E:\新建文件夹 (2)\2024年11月1日 22时52分\112_PANA\_YYL5585.JPG
2024-11-08 22:24:58.044 +08:00 [INF] [main] 路径内容:E:\新建文件夹 (2)\2024年11月1日 22时52分\112_PANA\_YYL5591.JPG
2024-11-08 22:24:58.044 +08:00 [INF] [main] 路径内容:E:\新建文件夹 (2)\2024年11月1日 22时52分\112_PANA\_YYL5595.JPG
2024-11-08 22:24:58.044 +08:00 [INF] [main] 路径内容:E:\新建文件夹 (2)\2024年11月1日 22时52分\112_PANA\_YYL5746.JPG
2024-11-08 22:24:58.044 +08:00 [INF] [main] 路径内容:E:\新建文件夹 (2)\2024年11月1日 22时52分\112_PANA\_YYL5811.JPG
2024-11-08 22:24:58.044 +08:00 [INF] [main] 路径内容:E:\新建文件夹 (2)\2024年11月1日 22时52分\112_PANA\_YYL5867.JPG
2024-11-08 22:24:58.044 +08:00 [INF] [main] 路径内容:E:\新建文件夹 (2)\2024年11月1日 22时52分\112_PANA\_YYL5241.JPG
2024-11-08 22:24:58.044 +08:00 [INF] [main] 路径内容:E:\新建文件夹 (2)\2024年11月1日 22时52分\112_PANA\_YYL5244.JPG
2024-11-08 22:24:58.044 +08:00 [INF] [main] 路径内容:E:\新建文件夹 (2)\2024年11月1日 22时52分\112_PANA\_YYL5258.JPG
2024-11-08 22:24:58.044 +08:00 [INF] [main] 路径内容:E:\新建文件夹 (2)\2024年11月1日 22时52分\112_PANA\_YYL5261.JPG
2024-11-08 22:24:58.044 +08:00 [INF] [main] 路径内容:E:\新建文件夹 (2)\2024年11月1日 22时52分\112_PANA\_YYL5276.JPG
2024-11-08 22:24:58.044 +08:00 [INF] [main] 路径内容:E:\新建文件夹 (2)\2024年11月1日 22时52分\112_PANA\_YYL5277.JPG
2024-11-08 22:24:58.044 +08:00 [INF] [main] 路径内容:E:\新建文件夹 (2)\2024年11月1日 22时52分\112_PANA\_YYL5338.JPG
2024-11-08 22:24:58.044 +08:00 [INF] [main] 路径内容:E:\新建文件夹 (2)\2024年11月1日 22时52分\112_PANA\_YYL5366.JPG
2024-11-08 22:24:58.044 +08:00 [INF] [main] 路径内容:E:\新建文件夹 (2)\2024年11月1日 22时52分\112_PANA\_YYL5369.JPG
2024-11-08 22:24:58.044 +08:00 [INF] [main] 路径内容:E:\新建文件夹 (2)\2024年11月1日 22时52分\112_PANA\_YYL5381.JPG
2024-11-08 22:24:58.044 +08:00 [INF] [main] 路径内容:E:\新建文件夹 (2)\2024年11月1日 22时52分\112_PANA\_YYL5397.JPG
2024-11-08 22:24:58.044 +08:00 [INF] [main] 路径内容:E:\新建文件夹 (2)\2024年11月1日 22时52分\112_PANA\_YYL5401.JPG
2024-11-08 22:24:58.044 +08:00 [INF] [main] 路径内容:E:\新建文件夹 (2)\2024年11月1日 22时52分\112_PANA\_YYL5403.JPG
2024-11-08 22:24:58.044 +08:00 [INF] [main] 路径内容:E:\新建文件夹 (2)\2024年11月1日 22时52分\112_PANA\_YYL5407.JPG
2024-11-08 22:24:58.044 +08:00 [INF] [main] 路径内容:E:\新建文件夹 (2)\2024年11月1日 22时52分\112_PANA\_YYL5420.JPG
2024-11-08 22:24:58.044 +08:00 [INF] [main] 路径内容:E:\新建文件夹 (2)\2024年11月1日 22时52分\112_PANA\_YYL5457.JPG
2024-11-08 22:24:58.044 +08:00 [INF] [main] 路径内容:E:\新建文件夹 (2)\2024年11月1日 22时52分\112_PANA\_YYL5458.JPG
2024-11-08 22:24:58.044 +08:00 [INF] [main] 路径内容:E:\新建文件夹 (2)\2024年11月1日 22时52分\112_PANA\_YYL5462.JPG
2024-11-08 22:24:58.044 +08:00 [INF] [main] 路径内容:E:\新建文件夹 (2)\2024年11月1日 22时52分\112_PANA\_YYL5466.JPG
2024-11-08 22:24:58.044 +08:00 [INF] [main] 路径内容:E:\新建文件夹 (2)\2024年11月1日 22时52分\112_PANA\_YYL5474.JPG
2024-11-08 22:24:58.044 +08:00 [INF] [main] 路径内容:E:\新建文件夹 (2)\2024年11月1日 22时52分\112_PANA\_YYL5475.JPG
2024-11-08 22:24:58.044 +08:00 [INF] [main] 路径内容:E:\新建文件夹 (2)\2024年11月1日 22时52分\112_PANA\_YYL5493.JPG
2024-11-08 22:24:58.044 +08:00 [INF] [main] 路径内容:E:\新建文件夹 (2)\2024年11月1日 22时52分\112_PANA\_YYL5498.JPG
2024-11-08 22:24:58.044 +08:00 [INF] [main] 路径内容:E:\新建文件夹 (2)\2024年11月1日 22时52分\112_PANA\_YYL5503.JPG
2024-11-08 22:24:58.044 +08:00 [INF] [main] 路径内容:E:\新建文件夹 (2)\2024年11月1日 22时52分\112_PANA\_YYL5510.JPG
2024-11-08 22:24:58.044 +08:00 [INF] [main] 路径内容:E:\新建文件夹 (2)\2024年11月1日 22时52分\112_PANA\_YYL5516.JPG
2024-11-08 22:24:58.044 +08:00 [INF] [main] 路径内容:E:\新建文件夹 (2)\2024年11月1日 22时52分\112_PANA\_YYL5520.JPG
2024-11-08 22:24:58.044 +08:00 [INF] [main] 路径内容:E:\新建文件夹 (2)\2024年11月1日 22时52分\112_PANA\_YYL5533.JPG
2024-11-08 22:24:58.044 +08:00 [INF] [main] 路径内容:E:\新建文件夹 (2)\2024年11月1日 22时52分\112_PANA\_YYL5545.JPG
2024-11-08 22:24:58.044 +08:00 [INF] [main] 路径内容:E:\新建文件夹 (2)\2024年11月1日 22时52分\112_PANA\_YYL5564.JPG
2024-11-08 22:24:58.044 +08:00 [INF] [main] 路径内容:E:\新建文件夹 (2)\2024年11月1日 22时52分\112_PANA\_YYL5566.JPG
2024-11-08 22:24:58.044 +08:00 [INF] [main] 路径内容:E:\新建文件夹 (2)\2024年11月1日 22时52分\112_PANA\_YYL5570.JPG
2024-11-08 22:24:58.044 +08:00 [INF] [main] 路径内容:E:\新建文件夹 (2)\2024年11月1日 22时52分\112_PANA\_YYL5572.JPG
2024-11-08 22:24:58.044 +08:00 [INF] [main] 路径内容:E:\新建文件夹 (2)\2024年11月1日 22时52分\112_PANA\_YYL5576.JPG
2024-11-08 22:24:58.044 +08:00 [INF] [main] 路径内容:E:\新建文件夹 (2)\2024年11月1日 22时52分\112_PANA\_YYL5577.JPG
2024-11-08 22:24:58.044 +08:00 [INF] [main] 路径内容:E:\新建文件夹 (2)\2024年11月1日 22时52分\112_PANA\_YYL5582.JPG
2024-11-08 22:24:58.044 +08:00 [INF] [main] 路径内容:E:\新建文件夹 (2)\2024年11月1日 22时52分\112_PANA\_YYL5585.JPG
2024-11-08 22:24:58.044 +08:00 [INF] [main] 路径内容:E:\新建文件夹 (2)\2024年11月1日 22时52分\112_PANA\_YYL5591.JPG
2024-11-08 22:24:58.044 +08:00 [INF] [main] 路径内容:E:\新建文件夹 (2)\2024年11月1日 22时52分\112_PANA\_YYL5595.JPG
2024-11-08 22:24:58.044 +08:00 [INF] [main] 路径内容:E:\新建文件夹 (2)\2024年11月1日 22时52分\112_PANA\_YYL5746.JPG
2024-11-08 22:24:58.044 +08:00 [INF] [main] 路径内容:E:\新建文件夹 (2)\2024年11月1日 22时52分\112_PANA\_YYL5811.JPG
2024-11-08 22:24:58.044 +08:00 [INF] [main] 路径内容:E:\新建文件夹 (2)\2024年11月1日 22时52分\112_PANA\_YYL5867.JPG
2024-11-08 22:25:02.033 +08:00 [INF] [main] 路径更新成功 更新内容:StoragePath:E:\新建文件夹 (2)\2024年11月1日 22时52分\112_PANA, IsEnable:$False, 更新前:E:\新建文件夹 (2)\2024年11月1日 22时52分\112_PANA, False
2024-11-08 22:25:03.013 +08:00 [INF] [main] 页面渲染
2024-11-08 22:25:03.084 +08:00 [INF] [main] 123123
2024-11-08 22:25:03.084 +08:00 [INF] [main] 路径内容:E:\新建文件夹 (2)\2024年11月1日 22时52分\112_PANA\_YYL5241.JPG
2024-11-08 22:25:03.084 +08:00 [INF] [main] 路径内容:E:\新建文件夹 (2)\2024年11月1日 22时52分\112_PANA\_YYL5244.JPG
2024-11-08 22:25:03.084 +08:00 [INF] [main] 路径内容:E:\新建文件夹 (2)\2024年11月1日 22时52分\112_PANA\_YYL5258.JPG
2024-11-08 22:25:03.084 +08:00 [INF] [main] 路径内容:E:\新建文件夹 (2)\2024年11月1日 22时52分\112_PANA\_YYL5261.JPG
2024-11-08 22:25:03.084 +08:00 [INF] [main] 路径内容:E:\新建文件夹 (2)\2024年11月1日 22时52分\112_PANA\_YYL5276.JPG
2024-11-08 22:25:03.084 +08:00 [INF] [main] 路径内容:E:\新建文件夹 (2)\2024年11月1日 22时52分\112_PANA\_YYL5277.JPG
2024-11-08 22:25:03.084 +08:00 [INF] [main] 路径内容:E:\新建文件夹 (2)\2024年11月1日 22时52分\112_PANA\_YYL5338.JPG
2024-11-08 22:25:03.084 +08:00 [INF] [main] 路径内容:E:\新建文件夹 (2)\2024年11月1日 22时52分\112_PANA\_YYL5366.JPG
2024-11-08 22:25:03.084 +08:00 [INF] [main] 路径内容:E:\新建文件夹 (2)\2024年11月1日 22时52分\112_PANA\_YYL5369.JPG
2024-11-08 22:25:03.084 +08:00 [INF] [main] 路径内容:E:\新建文件夹 (2)\2024年11月1日 22时52分\112_PANA\_YYL5381.JPG
2024-11-08 22:25:03.084 +08:00 [INF] [main] 路径内容:E:\新建文件夹 (2)\2024年11月1日 22时52分\112_PANA\_YYL5397.JPG
2024-11-08 22:25:03.084 +08:00 [INF] [main] 路径内容:E:\新建文件夹 (2)\2024年11月1日 22时52分\112_PANA\_YYL5401.JPG
2024-11-08 22:25:03.084 +08:00 [INF] [main] 路径内容:E:\新建文件夹 (2)\2024年11月1日 22时52分\112_PANA\_YYL5403.JPG
2024-11-08 22:25:03.084 +08:00 [INF] [main] 路径内容:E:\新建文件夹 (2)\2024年11月1日 22时52分\112_PANA\_YYL5407.JPG
2024-11-08 22:25:03.084 +08:00 [INF] [main] 路径内容:E:\新建文件夹 (2)\2024年11月1日 22时52分\112_PANA\_YYL5420.JPG
2024-11-08 22:25:03.084 +08:00 [INF] [main] 路径内容:E:\新建文件夹 (2)\2024年11月1日 22时52分\112_PANA\_YYL5457.JPG
2024-11-08 22:25:03.084 +08:00 [INF] [main] 路径内容:E:\新建文件夹 (2)\2024年11月1日 22时52分\112_PANA\_YYL5458.JPG
2024-11-08 22:25:03.084 +08:00 [INF] [main] 路径内容:E:\新建文件夹 (2)\2024年11月1日 22时52分\112_PANA\_YYL5462.JPG
2024-11-08 22:25:03.084 +08:00 [INF] [main] 路径内容:E:\新建文件夹 (2)\2024年11月1日 22时52分\112_PANA\_YYL5466.JPG
2024-11-08 22:25:03.084 +08:00 [INF] [main] 路径内容:E:\新建文件夹 (2)\2024年11月1日 22时52分\112_PANA\_YYL5474.JPG
2024-11-08 22:25:03.084 +08:00 [INF] [main] 路径内容:E:\新建文件夹 (2)\2024年11月1日 22时52分\112_PANA\_YYL5475.JPG
2024-11-08 22:25:03.084 +08:00 [INF] [main] 路径内容:E:\新建文件夹 (2)\2024年11月1日 22时52分\112_PANA\_YYL5493.JPG
2024-11-08 22:25:03.084 +08:00 [INF] [main] 路径内容:E:\新建文件夹 (2)\2024年11月1日 22时52分\112_PANA\_YYL5498.JPG
2024-11-08 22:25:03.084 +08:00 [INF] [main] 路径内容:E:\新建文件夹 (2)\2024年11月1日 22时52分\112_PANA\_YYL5503.JPG
2024-11-08 22:25:03.084 +08:00 [INF] [main] 路径内容:E:\新建文件夹 (2)\2024年11月1日 22时52分\112_PANA\_YYL5510.JPG
2024-11-08 22:25:03.084 +08:00 [INF] [main] 路径内容:E:\新建文件夹 (2)\2024年11月1日 22时52分\112_PANA\_YYL5516.JPG
2024-11-08 22:25:03.084 +08:00 [INF] [main] 路径内容:E:\新建文件夹 (2)\2024年11月1日 22时52分\112_PANA\_YYL5520.JPG
2024-11-08 22:25:03.084 +08:00 [INF] [main] 路径内容:E:\新建文件夹 (2)\2024年11月1日 22时52分\112_PANA\_YYL5533.JPG
2024-11-08 22:25:03.084 +08:00 [INF] [main] 路径内容:E:\新建文件夹 (2)\2024年11月1日 22时52分\112_PANA\_YYL5545.JPG
2024-11-08 22:25:03.084 +08:00 [INF] [main] 路径内容:E:\新建文件夹 (2)\2024年11月1日 22时52分\112_PANA\_YYL5564.JPG
2024-11-08 22:25:03.084 +08:00 [INF] [main] 路径内容:E:\新建文件夹 (2)\2024年11月1日 22时52分\112_PANA\_YYL5566.JPG
2024-11-08 22:25:03.084 +08:00 [INF] [main] 路径内容:E:\新建文件夹 (2)\2024年11月1日 22时52分\112_PANA\_YYL5570.JPG
2024-11-08 22:25:03.084 +08:00 [INF] [main] 路径内容:E:\新建文件夹 (2)\2024年11月1日 22时52分\112_PANA\_YYL5572.JPG
2024-11-08 22:25:03.084 +08:00 [INF] [main] 路径内容:E:\新建文件夹 (2)\2024年11月1日 22时52分\112_PANA\_YYL5576.JPG
2024-11-08 22:25:03.084 +08:00 [INF] [main] 路径内容:E:\新建文件夹 (2)\2024年11月1日 22时52分\112_PANA\_YYL5577.JPG
2024-11-08 22:25:03.084 +08:00 [INF] [main] 路径内容:E:\新建文件夹 (2)\2024年11月1日 22时52分\112_PANA\_YYL5582.JPG
2024-11-08 22:25:03.084 +08:00 [INF] [main] 路径内容:E:\新建文件夹 (2)\2024年11月1日 22时52分\112_PANA\_YYL5585.JPG
2024-11-08 22:25:03.084 +08:00 [INF] [main] 路径内容:E:\新建文件夹 (2)\2024年11月1日 22时52分\112_PANA\_YYL5591.JPG
2024-11-08 22:25:03.084 +08:00 [INF] [main] 路径内容:E:\新建文件夹 (2)\2024年11月1日 22时52分\112_PANA\_YYL5595.JPG
2024-11-08 22:25:03.084 +08:00 [INF] [main] 路径内容:E:\新建文件夹 (2)\2024年11月1日 22时52分\112_PANA\_YYL5746.JPG
2024-11-08 22:25:03.084 +08:00 [INF] [main] 路径内容:E:\新建文件夹 (2)\2024年11月1日 22时52分\112_PANA\_YYL5811.JPG
2024-11-08 22:25:03.084 +08:00 [INF] [main] 路径内容:E:\新建文件夹 (2)\2024年11月1日 22时52分\112_PANA\_YYL5867.JPG
2024-11-08 22:25:03.084 +08:00 [INF] [main] 路径内容:E:\新建文件夹 (2)\2024年11月1日 22时52分\112_PANA\_YYL5241.JPG
2024-11-08 22:25:03.084 +08:00 [INF] [main] 路径内容:E:\新建文件夹 (2)\2024年11月1日 22时52分\112_PANA\_YYL5244.JPG
2024-11-08 22:25:03.087 +08:00 [INF] [main] 路径内容:E:\新建文件夹 (2)\2024年11月1日 22时52分\112_PANA\_YYL5258.JPG
2024-11-08 22:25:03.087 +08:00 [INF] [main] 路径内容:E:\新建文件夹 (2)\2024年11月1日 22时52分\112_PANA\_YYL5261.JPG
2024-11-08 22:25:03.087 +08:00 [INF] [main] 路径内容:E:\新建文件夹 (2)\2024年11月1日 22时52分\112_PANA\_YYL5276.JPG
2024-11-08 22:25:03.087 +08:00 [INF] [main] 路径内容:E:\新建文件夹 (2)\2024年11月1日 22时52分\112_PANA\_YYL5277.JPG
2024-11-08 22:25:03.087 +08:00 [INF] [main] 路径内容:E:\新建文件夹 (2)\2024年11月1日 22时52分\112_PANA\_YYL5338.JPG
2024-11-08 22:25:03.087 +08:00 [INF] [main] 路径内容:E:\新建文件夹 (2)\2024年11月1日 22时52分\112_PANA\_YYL5366.JPG
2024-11-08 22:25:03.087 +08:00 [INF] [main] 路径内容:E:\新建文件夹 (2)\2024年11月1日 22时52分\112_PANA\_YYL5369.JPG
2024-11-08 22:25:03.087 +08:00 [INF] [main] 路径内容:E:\新建文件夹 (2)\2024年11月1日 22时52分\112_PANA\_YYL5381.JPG
2024-11-08 22:25:03.087 +08:00 [INF] [main] 路径内容:E:\新建文件夹 (2)\2024年11月1日 22时52分\112_PANA\_YYL5397.JPG
2024-11-08 22:25:03.087 +08:00 [INF] [main] 路径内容:E:\新建文件夹 (2)\2024年11月1日 22时52分\112_PANA\_YYL5401.JPG
2024-11-08 22:25:03.087 +08:00 [INF] [main] 路径内容:E:\新建文件夹 (2)\2024年11月1日 22时52分\112_PANA\_YYL5403.JPG
2024-11-08 22:25:03.087 +08:00 [INF] [main] 路径内容:E:\新建文件夹 (2)\2024年11月1日 22时52分\112_PANA\_YYL5407.JPG
2024-11-08 22:25:03.087 +08:00 [INF] [main] 路径内容:E:\新建文件夹 (2)\2024年11月1日 22时52分\112_PANA\_YYL5420.JPG
2024-11-08 22:25:03.087 +08:00 [INF] [main] 路径内容:E:\新建文件夹 (2)\2024年11月1日 22时52分\112_PANA\_YYL5457.JPG
2024-11-08 22:25:03.087 +08:00 [INF] [main] 路径内容:E:\新建文件夹 (2)\2024年11月1日 22时52分\112_PANA\_YYL5458.JPG
2024-11-08 22:25:03.087 +08:00 [INF] [main] 路径内容:E:\新建文件夹 (2)\2024年11月1日 22时52分\112_PANA\_YYL5462.JPG
2024-11-08 22:25:03.087 +08:00 [INF] [main] 路径内容:E:\新建文件夹 (2)\2024年11月1日 22时52分\112_PANA\_YYL5466.JPG
2024-11-08 22:25:03.087 +08:00 [INF] [main] 路径内容:E:\新建文件夹 (2)\2024年11月1日 22时52分\112_PANA\_YYL5474.JPG
2024-11-08 22:25:03.087 +08:00 [INF] [main] 路径内容:E:\新建文件夹 (2)\2024年11月1日 22时52分\112_PANA\_YYL5475.JPG
2024-11-08 22:25:03.087 +08:00 [INF] [main] 路径内容:E:\新建文件夹 (2)\2024年11月1日 22时52分\112_PANA\_YYL5493.JPG
2024-11-08 22:25:03.087 +08:00 [INF] [main] 路径内容:E:\新建文件夹 (2)\2024年11月1日 22时52分\112_PANA\_YYL5498.JPG
2024-11-08 22:25:03.087 +08:00 [INF] [main] 路径内容:E:\新建文件夹 (2)\2024年11月1日 22时52分\112_PANA\_YYL5503.JPG
2024-11-08 22:25:03.087 +08:00 [INF] [main] 路径内容:E:\新建文件夹 (2)\2024年11月1日 22时52分\112_PANA\_YYL5510.JPG
2024-11-08 22:25:03.087 +08:00 [INF] [main] 路径内容:E:\新建文件夹 (2)\2024年11月1日 22时52分\112_PANA\_YYL5516.JPG
2024-11-08 22:25:03.087 +08:00 [INF] [main] 路径内容:E:\新建文件夹 (2)\2024年11月1日 22时52分\112_PANA\_YYL5520.JPG
2024-11-08 22:25:03.087 +08:00 [INF] [main] 路径内容:E:\新建文件夹 (2)\2024年11月1日 22时52分\112_PANA\_YYL5533.JPG
2024-11-08 22:25:03.087 +08:00 [INF] [main] 路径内容:E:\新建文件夹 (2)\2024年11月1日 22时52分\112_PANA\_YYL5545.JPG
2024-11-08 22:25:03.087 +08:00 [INF] [main] 路径内容:E:\新建文件夹 (2)\2024年11月1日 22时52分\112_PANA\_YYL5564.JPG
2024-11-08 22:25:03.087 +08:00 [INF] [main] 路径内容:E:\新建文件夹 (2)\2024年11月1日 22时52分\112_PANA\_YYL5566.JPG
2024-11-08 22:25:03.087 +08:00 [INF] [main] 路径内容:E:\新建文件夹 (2)\2024年11月1日 22时52分\112_PANA\_YYL5570.JPG
2024-11-08 22:25:03.087 +08:00 [INF] [main] 路径内容:E:\新建文件夹 (2)\2024年11月1日 22时52分\112_PANA\_YYL5572.JPG
2024-11-08 22:25:03.087 +08:00 [INF] [main] 路径内容:E:\新建文件夹 (2)\2024年11月1日 22时52分\112_PANA\_YYL5576.JPG
2024-11-08 22:25:03.087 +08:00 [INF] [main] 路径内容:E:\新建文件夹 (2)\2024年11月1日 22时52分\112_PANA\_YYL5577.JPG
2024-11-08 22:25:03.087 +08:00 [INF] [main] 路径内容:E:\新建文件夹 (2)\2024年11月1日 22时52分\112_PANA\_YYL5582.JPG
2024-11-08 22:25:03.087 +08:00 [INF] [main] 路径内容:E:\新建文件夹 (2)\2024年11月1日 22时52分\112_PANA\_YYL5585.JPG
2024-11-08 22:25:03.087 +08:00 [INF] [main] 路径内容:E:\新建文件夹 (2)\2024年11月1日 22时52分\112_PANA\_YYL5591.JPG
2024-11-08 22:25:03.087 +08:00 [INF] [main] 路径内容:E:\新建文件夹 (2)\2024年11月1日 22时52分\112_PANA\_YYL5595.JPG
2024-11-08 22:25:03.087 +08:00 [INF] [main] 路径内容:E:\新建文件夹 (2)\2024年11月1日 22时52分\112_PANA\_YYL5746.JPG
2024-11-08 22:25:03.087 +08:00 [INF] [main] 路径内容:E:\新建文件夹 (2)\2024年11月1日 22时52分\112_PANA\_YYL5811.JPG
2024-11-08 22:25:03.087 +08:00 [INF] [main] 路径内容:E:\新建文件夹 (2)\2024年11月1日 22时52分\112_PANA\_YYL5867.JPG
2024-11-08 22:25:03.087 +08:00 [INF] [main] 路径内容:E:\新建文件夹 (2)\2024年11月1日 22时52分\112_PANA\_YYL5241.JPG
2024-11-08 22:25:03.087 +08:00 [INF] [main] 路径内容:E:\新建文件夹 (2)\2024年11月1日 22时52分\112_PANA\_YYL5244.JPG
2024-11-08 22:25:03.087 +08:00 [INF] [main] 路径内容:E:\新建文件夹 (2)\2024年11月1日 22时52分\112_PANA\_YYL5258.JPG
2024-11-08 22:25:03.087 +08:00 [INF] [main] 路径内容:E:\新建文件夹 (2)\2024年11月1日 22时52分\112_PANA\_YYL5261.JPG
2024-11-08 22:25:03.088 +08:00 [INF] [main] 路径内容:E:\新建文件夹 (2)\2024年11月1日 22时52分\112_PANA\_YYL5276.JPG
2024-11-08 22:25:03.088 +08:00 [INF] [main] 路径内容:E:\新建文件夹 (2)\2024年11月1日 22时52分\112_PANA\_YYL5277.JPG
2024-11-08 22:25:03.088 +08:00 [INF] [main] 路径内容:E:\新建文件夹 (2)\2024年11月1日 22时52分\112_PANA\_YYL5338.JPG
2024-11-08 22:25:03.088 +08:00 [INF] [main] 路径内容:E:\新建文件夹 (2)\2024年11月1日 22时52分\112_PANA\_YYL5366.JPG
2024-11-08 22:25:03.088 +08:00 [INF] [main] 路径内容:E:\新建文件夹 (2)\2024年11月1日 22时52分\112_PANA\_YYL5369.JPG
2024-11-08 22:25:03.088 +08:00 [INF] [main] 路径内容:E:\新建文件夹 (2)\2024年11月1日 22时52分\112_PANA\_YYL5381.JPG
2024-11-08 22:25:03.088 +08:00 [INF] [main] 路径内容:E:\新建文件夹 (2)\2024年11月1日 22时52分\112_PANA\_YYL5397.JPG
2024-11-08 22:25:03.088 +08:00 [INF] [main] 路径内容:E:\新建文件夹 (2)\2024年11月1日 22时52分\112_PANA\_YYL5401.JPG
2024-11-08 22:25:03.088 +08:00 [INF] [main] 路径内容:E:\新建文件夹 (2)\2024年11月1日 22时52分\112_PANA\_YYL5403.JPG
2024-11-08 22:25:03.088 +08:00 [INF] [main] 路径内容:E:\新建文件夹 (2)\2024年11月1日 22时52分\112_PANA\_YYL5407.JPG
2024-11-08 22:25:03.088 +08:00 [INF] [main] 路径内容:E:\新建文件夹 (2)\2024年11月1日 22时52分\112_PANA\_YYL5420.JPG
2024-11-08 22:25:03.088 +08:00 [INF] [main] 路径内容:E:\新建文件夹 (2)\2024年11月1日 22时52分\112_PANA\_YYL5457.JPG
2024-11-08 22:25:03.088 +08:00 [INF] [main] 路径内容:E:\新建文件夹 (2)\2024年11月1日 22时52分\112_PANA\_YYL5458.JPG
2024-11-08 22:25:03.088 +08:00 [INF] [main] 路径内容:E:\新建文件夹 (2)\2024年11月1日 22时52分\112_PANA\_YYL5462.JPG
2024-11-08 22:25:03.088 +08:00 [INF] [main] 路径内容:E:\新建文件夹 (2)\2024年11月1日 22时52分\112_PANA\_YYL5466.JPG
2024-11-08 22:25:03.088 +08:00 [INF] [main] 路径内容:E:\新建文件夹 (2)\2024年11月1日 22时52分\112_PANA\_YYL5474.JPG
2024-11-08 22:25:03.088 +08:00 [INF] [main] 路径内容:E:\新建文件夹 (2)\2024年11月1日 22时52分\112_PANA\_YYL5475.JPG
2024-11-08 22:25:03.088 +08:00 [INF] [main] 路径内容:E:\新建文件夹 (2)\2024年11月1日 22时52分\112_PANA\_YYL5493.JPG
2024-11-08 22:25:03.088 +08:00 [INF] [main] 路径内容:E:\新建文件夹 (2)\2024年11月1日 22时52分\112_PANA\_YYL5498.JPG
2024-11-08 22:25:03.088 +08:00 [INF] [main] 路径内容:E:\新建文件夹 (2)\2024年11月1日 22时52分\112_PANA\_YYL5503.JPG
2024-11-08 22:25:03.088 +08:00 [INF] [main] 路径内容:E:\新建文件夹 (2)\2024年11月1日 22时52分\112_PANA\_YYL5510.JPG
2024-11-08 22:25:03.088 +08:00 [INF] [main] 路径内容:E:\新建文件夹 (2)\2024年11月1日 22时52分\112_PANA\_YYL5516.JPG
2024-11-08 22:25:03.088 +08:00 [INF] [main] 路径内容:E:\新建文件夹 (2)\2024年11月1日 22时52分\112_PANA\_YYL5520.JPG
2024-11-08 22:25:03.088 +08:00 [INF] [main] 路径内容:E:\新建文件夹 (2)\2024年11月1日 22时52分\112_PANA\_YYL5533.JPG
2024-11-08 22:25:03.088 +08:00 [INF] [main] 路径内容:E:\新建文件夹 (2)\2024年11月1日 22时52分\112_PANA\_YYL5545.JPG
2024-11-08 22:25:03.088 +08:00 [INF] [main] 路径内容:E:\新建文件夹 (2)\2024年11月1日 22时52分\112_PANA\_YYL5564.JPG
2024-11-08 22:25:03.088 +08:00 [INF] [main] 路径内容:E:\新建文件夹 (2)\2024年11月1日 22时52分\112_PANA\_YYL5566.JPG
2024-11-08 22:25:03.088 +08:00 [INF] [main] 路径内容:E:\新建文件夹 (2)\2024年11月1日 22时52分\112_PANA\_YYL5570.JPG
2024-11-08 22:25:03.088 +08:00 [INF] [main] 路径内容:E:\新建文件夹 (2)\2024年11月1日 22时52分\112_PANA\_YYL5572.JPG
2024-11-08 22:25:03.088 +08:00 [INF] [main] 路径内容:E:\新建文件夹 (2)\2024年11月1日 22时52分\112_PANA\_YYL5576.JPG
2024-11-08 22:25:03.088 +08:00 [INF] [main] 路径内容:E:\新建文件夹 (2)\2024年11月1日 22时52分\112_PANA\_YYL5577.JPG
2024-11-08 22:25:03.088 +08:00 [INF] [main] 路径内容:E:\新建文件夹 (2)\2024年11月1日 22时52分\112_PANA\_YYL5582.JPG
2024-11-08 22:25:03.088 +08:00 [INF] [main] 路径内容:E:\新建文件夹 (2)\2024年11月1日 22时52分\112_PANA\_YYL5585.JPG
2024-11-08 22:25:03.088 +08:00 [INF] [main] 路径内容:E:\新建文件夹 (2)\2024年11月1日 22时52分\112_PANA\_YYL5591.JPG
2024-11-08 22:25:03.088 +08:00 [INF] [main] 路径内容:E:\新建文件夹 (2)\2024年11月1日 22时52分\112_PANA\_YYL5595.JPG
2024-11-08 22:25:03.088 +08:00 [INF] [main] 路径内容:E:\新建文件夹 (2)\2024年11月1日 22时52分\112_PANA\_YYL5746.JPG
2024-11-08 22:25:03.088 +08:00 [INF] [main] 路径内容:E:\新建文件夹 (2)\2024年11月1日 22时52分\112_PANA\_YYL5811.JPG
2024-11-08 22:25:03.088 +08:00 [INF] [main] 路径内容:E:\新建文件夹 (2)\2024年11月1日 22时52分\112_PANA\_YYL5867.JPG
2024-11-08 22:25:05.168 +08:00 [INF] [main] 页面渲染
2024-11-08 22:25:05.191 +08:00 [INF] [main] 123123
2024-11-08 22:25:05.191 +08:00 [INF] [main] 路径内容:E:\新建文件夹 (2)\2024年11月1日 22时52分\112_PANA\_YYL5241.JPG
2024-11-08 22:25:05.191 +08:00 [INF] [main] 路径内容:E:\新建文件夹 (2)\2024年11月1日 22时52分\112_PANA\_YYL5244.JPG
2024-11-08 22:25:05.191 +08:00 [INF] [main] 路径内容:E:\新建文件夹 (2)\2024年11月1日 22时52分\112_PANA\_YYL5258.JPG
2024-11-08 22:25:05.191 +08:00 [INF] [main] 路径内容:E:\新建文件夹 (2)\2024年11月1日 22时52分\112_PANA\_YYL5261.JPG
2024-11-08 22:25:05.191 +08:00 [INF] [main] 路径内容:E:\新建文件夹 (2)\2024年11月1日 22时52分\112_PANA\_YYL5276.JPG
2024-11-08 22:25:05.191 +08:00 [INF] [main] 路径内容:E:\新建文件夹 (2)\2024年11月1日 22时52分\112_PANA\_YYL5277.JPG
2024-11-08 22:25:05.191 +08:00 [INF] [main] 路径内容:E:\新建文件夹 (2)\2024年11月1日 22时52分\112_PANA\_YYL5338.JPG
2024-11-08 22:25:05.191 +08:00 [INF] [main] 路径内容:E:\新建文件夹 (2)\2024年11月1日 22时52分\112_PANA\_YYL5366.JPG
2024-11-08 22:25:05.191 +08:00 [INF] [main] 路径内容:E:\新建文件夹 (2)\2024年11月1日 22时52分\112_PANA\_YYL5369.JPG
2024-11-08 22:25:05.191 +08:00 [INF] [main] 路径内容:E:\新建文件夹 (2)\2024年11月1日 22时52分\112_PANA\_YYL5381.JPG
2024-11-08 22:25:05.191 +08:00 [INF] [main] 路径内容:E:\新建文件夹 (2)\2024年11月1日 22时52分\112_PANA\_YYL5397.JPG
2024-11-08 22:25:05.191 +08:00 [INF] [main] 路径内容:E:\新建文件夹 (2)\2024年11月1日 22时52分\112_PANA\_YYL5401.JPG
2024-11-08 22:25:05.191 +08:00 [INF] [main] 路径内容:E:\新建文件夹 (2)\2024年11月1日 22时52分\112_PANA\_YYL5403.JPG
2024-11-08 22:25:05.191 +08:00 [INF] [main] 路径内容:E:\新建文件夹 (2)\2024年11月1日 22时52分\112_PANA\_YYL5407.JPG
2024-11-08 22:25:05.191 +08:00 [INF] [main] 路径内容:E:\新建文件夹 (2)\2024年11月1日 22时52分\112_PANA\_YYL5420.JPG
2024-11-08 22:25:05.191 +08:00 [INF] [main] 路径内容:E:\新建文件夹 (2)\2024年11月1日 22时52分\112_PANA\_YYL5457.JPG
2024-11-08 22:25:05.191 +08:00 [INF] [main] 路径内容:E:\新建文件夹 (2)\2024年11月1日 22时52分\112_PANA\_YYL5458.JPG
2024-11-08 22:25:05.191 +08:00 [INF] [main] 路径内容:E:\新建文件夹 (2)\2024年11月1日 22时52分\112_PANA\_YYL5462.JPG
2024-11-08 22:25:05.191 +08:00 [INF] [main] 路径内容:E:\新建文件夹 (2)\2024年11月1日 22时52分\112_PANA\_YYL5466.JPG
2024-11-08 22:25:05.191 +08:00 [INF] [main] 路径内容:E:\新建文件夹 (2)\2024年11月1日 22时52分\112_PANA\_YYL5474.JPG
2024-11-08 22:25:05.191 +08:00 [INF] [main] 路径内容:E:\新建文件夹 (2)\2024年11月1日 22时52分\112_PANA\_YYL5475.JPG
2024-11-08 22:25:05.191 +08:00 [INF] [main] 路径内容:E:\新建文件夹 (2)\2024年11月1日 22时52分\112_PANA\_YYL5493.JPG
2024-11-08 22:25:05.191 +08:00 [INF] [main] 路径内容:E:\新建文件夹 (2)\2024年11月1日 22时52分\112_PANA\_YYL5498.JPG
2024-11-08 22:25:05.191 +08:00 [INF] [main] 路径内容:E:\新建文件夹 (2)\2024年11月1日 22时52分\112_PANA\_YYL5503.JPG
2024-11-08 22:25:05.191 +08:00 [INF] [main] 路径内容:E:\新建文件夹 (2)\2024年11月1日 22时52分\112_PANA\_YYL5510.JPG
2024-11-08 22:25:05.191 +08:00 [INF] [main] 路径内容:E:\新建文件夹 (2)\2024年11月1日 22时52分\112_PANA\_YYL5516.JPG
2024-11-08 22:25:05.191 +08:00 [INF] [main] 路径内容:E:\新建文件夹 (2)\2024年11月1日 22时52分\112_PANA\_YYL5520.JPG
2024-11-08 22:25:05.191 +08:00 [INF] [main] 路径内容:E:\新建文件夹 (2)\2024年11月1日 22时52分\112_PANA\_YYL5533.JPG
2024-11-08 22:25:05.192 +08:00 [INF] [main] 路径内容:E:\新建文件夹 (2)\2024年11月1日 22时52分\112_PANA\_YYL5545.JPG
2024-11-08 22:25:05.192 +08:00 [INF] [main] 路径内容:E:\新建文件夹 (2)\2024年11月1日 22时52分\112_PANA\_YYL5564.JPG
2024-11-08 22:25:05.192 +08:00 [INF] [main] 路径内容:E:\新建文件夹 (2)\2024年11月1日 22时52分\112_PANA\_YYL5566.JPG
2024-11-08 22:25:05.192 +08:00 [INF] [main] 路径内容:E:\新建文件夹 (2)\2024年11月1日 22时52分\112_PANA\_YYL5570.JPG
2024-11-08 22:25:05.192 +08:00 [INF] [main] 路径内容:E:\新建文件夹 (2)\2024年11月1日 22时52分\112_PANA\_YYL5572.JPG
2024-11-08 22:25:05.192 +08:00 [INF] [main] 路径内容:E:\新建文件夹 (2)\2024年11月1日 22时52分\112_PANA\_YYL5576.JPG
2024-11-08 22:25:05.192 +08:00 [INF] [main] 路径内容:E:\新建文件夹 (2)\2024年11月1日 22时52分\112_PANA\_YYL5577.JPG
2024-11-08 22:25:05.192 +08:00 [INF] [main] 路径内容:E:\新建文件夹 (2)\2024年11月1日 22时52分\112_PANA\_YYL5582.JPG
2024-11-08 22:25:05.192 +08:00 [INF] [main] 路径内容:E:\新建文件夹 (2)\2024年11月1日 22时52分\112_PANA\_YYL5585.JPG
2024-11-08 22:25:05.192 +08:00 [INF] [main] 路径内容:E:\新建文件夹 (2)\2024年11月1日 22时52分\112_PANA\_YYL5591.JPG
2024-11-08 22:25:05.192 +08:00 [INF] [main] 路径内容:E:\新建文件夹 (2)\2024年11月1日 22时52分\112_PANA\_YYL5595.JPG
2024-11-08 22:25:05.192 +08:00 [INF] [main] 路径内容:E:\新建文件夹 (2)\2024年11月1日 22时52分\112_PANA\_YYL5746.JPG
2024-11-08 22:25:05.192 +08:00 [INF] [main] 路径内容:E:\新建文件夹 (2)\2024年11月1日 22时52分\112_PANA\_YYL5811.JPG
2024-11-08 22:25:05.192 +08:00 [INF] [main] 路径内容:E:\新建文件夹 (2)\2024年11月1日 22时52分\112_PANA\_YYL5867.JPG
2024-11-08 22:25:05.192 +08:00 [INF] [main] 路径内容:E:\新建文件夹 (2)\2024年11月1日 22时52分\112_PANA\_YYL5241.JPG
2024-11-08 22:25:05.192 +08:00 [INF] [main] 路径内容:E:\新建文件夹 (2)\2024年11月1日 22时52分\112_PANA\_YYL5244.JPG
2024-11-08 22:25:05.195 +08:00 [INF] [main] 路径内容:E:\新建文件夹 (2)\2024年11月1日 22时52分\112_PANA\_YYL5258.JPG
2024-11-08 22:25:05.195 +08:00 [INF] [main] 路径内容:E:\新建文件夹 (2)\2024年11月1日 22时52分\112_PANA\_YYL5261.JPG
2024-11-08 22:25:05.195 +08:00 [INF] [main] 路径内容:E:\新建文件夹 (2)\2024年11月1日 22时52分\112_PANA\_YYL5276.JPG
2024-11-08 22:25:05.195 +08:00 [INF] [main] 路径内容:E:\新建文件夹 (2)\2024年11月1日 22时52分\112_PANA\_YYL5277.JPG
2024-11-08 22:25:05.195 +08:00 [INF] [main] 路径内容:E:\新建文件夹 (2)\2024年11月1日 22时52分\112_PANA\_YYL5338.JPG
2024-11-08 22:25:05.195 +08:00 [INF] [main] 路径内容:E:\新建文件夹 (2)\2024年11月1日 22时52分\112_PANA\_YYL5366.JPG
2024-11-08 22:25:05.195 +08:00 [INF] [main] 路径内容:E:\新建文件夹 (2)\2024年11月1日 22时52分\112_PANA\_YYL5369.JPG
2024-11-08 22:25:05.195 +08:00 [INF] [main] 路径内容:E:\新建文件夹 (2)\2024年11月1日 22时52分\112_PANA\_YYL5381.JPG
2024-11-08 22:25:05.195 +08:00 [INF] [main] 路径内容:E:\新建文件夹 (2)\2024年11月1日 22时52分\112_PANA\_YYL5397.JPG
2024-11-08 22:25:05.195 +08:00 [INF] [main] 路径内容:E:\新建文件夹 (2)\2024年11月1日 22时52分\112_PANA\_YYL5401.JPG
2024-11-08 22:25:05.195 +08:00 [INF] [main] 路径内容:E:\新建文件夹 (2)\2024年11月1日 22时52分\112_PANA\_YYL5403.JPG
2024-11-08 22:25:05.195 +08:00 [INF] [main] 路径内容:E:\新建文件夹 (2)\2024年11月1日 22时52分\112_PANA\_YYL5407.JPG
2024-11-08 22:25:05.195 +08:00 [INF] [main] 路径内容:E:\新建文件夹 (2)\2024年11月1日 22时52分\112_PANA\_YYL5420.JPG
2024-11-08 22:25:05.195 +08:00 [INF] [main] 路径内容:E:\新建文件夹 (2)\2024年11月1日 22时52分\112_PANA\_YYL5457.JPG
2024-11-08 22:25:05.195 +08:00 [INF] [main] 路径内容:E:\新建文件夹 (2)\2024年11月1日 22时52分\112_PANA\_YYL5458.JPG
2024-11-08 22:25:05.195 +08:00 [INF] [main] 路径内容:E:\新建文件夹 (2)\2024年11月1日 22时52分\112_PANA\_YYL5462.JPG
2024-11-08 22:25:05.195 +08:00 [INF] [main] 路径内容:E:\新建文件夹 (2)\2024年11月1日 22时52分\112_PANA\_YYL5466.JPG
2024-11-08 22:25:05.195 +08:00 [INF] [main] 路径内容:E:\新建文件夹 (2)\2024年11月1日 22时52分\112_PANA\_YYL5474.JPG
2024-11-08 22:25:05.195 +08:00 [INF] [main] 路径内容:E:\新建文件夹 (2)\2024年11月1日 22时52分\112_PANA\_YYL5475.JPG
2024-11-08 22:25:05.195 +08:00 [INF] [main] 路径内容:E:\新建文件夹 (2)\2024年11月1日 22时52分\112_PANA\_YYL5493.JPG
2024-11-08 22:25:05.195 +08:00 [INF] [main] 路径内容:E:\新建文件夹 (2)\2024年11月1日 22时52分\112_PANA\_YYL5498.JPG
2024-11-08 22:25:05.195 +08:00 [INF] [main] 路径内容:E:\新建文件夹 (2)\2024年11月1日 22时52分\112_PANA\_YYL5503.JPG
2024-11-08 22:25:05.195 +08:00 [INF] [main] 路径内容:E:\新建文件夹 (2)\2024年11月1日 22时52分\112_PANA\_YYL5510.JPG
2024-11-08 22:25:05.195 +08:00 [INF] [main] 路径内容:E:\新建文件夹 (2)\2024年11月1日 22时52分\112_PANA\_YYL5516.JPG
2024-11-08 22:25:05.195 +08:00 [INF] [main] 路径内容:E:\新建文件夹 (2)\2024年11月1日 22时52分\112_PANA\_YYL5520.JPG
2024-11-08 22:25:05.195 +08:00 [INF] [main] 路径内容:E:\新建文件夹 (2)\2024年11月1日 22时52分\112_PANA\_YYL5533.JPG
2024-11-08 22:25:05.195 +08:00 [INF] [main] 路径内容:E:\新建文件夹 (2)\2024年11月1日 22时52分\112_PANA\_YYL5545.JPG
2024-11-08 22:25:05.195 +08:00 [INF] [main] 路径内容:E:\新建文件夹 (2)\2024年11月1日 22时52分\112_PANA\_YYL5564.JPG
2024-11-08 22:25:05.195 +08:00 [INF] [main] 路径内容:E:\新建文件夹 (2)\2024年11月1日 22时52分\112_PANA\_YYL5566.JPG
2024-11-08 22:25:05.195 +08:00 [INF] [main] 路径内容:E:\新建文件夹 (2)\2024年11月1日 22时52分\112_PANA\_YYL5570.JPG
2024-11-08 22:25:05.195 +08:00 [INF] [main] 路径内容:E:\新建文件夹 (2)\2024年11月1日 22时52分\112_PANA\_YYL5572.JPG
2024-11-08 22:25:05.195 +08:00 [INF] [main] 路径内容:E:\新建文件夹 (2)\2024年11月1日 22时52分\112_PANA\_YYL5576.JPG
2024-11-08 22:25:05.195 +08:00 [INF] [main] 路径内容:E:\新建文件夹 (2)\2024年11月1日 22时52分\112_PANA\_YYL5577.JPG
2024-11-08 22:25:05.195 +08:00 [INF] [main] 路径内容:E:\新建文件夹 (2)\2024年11月1日 22时52分\112_PANA\_YYL5582.JPG
2024-11-08 22:25:05.195 +08:00 [INF] [main] 路径内容:E:\新建文件夹 (2)\2024年11月1日 22时52分\112_PANA\_YYL5585.JPG
2024-11-08 22:25:05.195 +08:00 [INF] [main] 路径内容:E:\新建文件夹 (2)\2024年11月1日 22时52分\112_PANA\_YYL5591.JPG
2024-11-08 22:25:05.195 +08:00 [INF] [main] 路径内容:E:\新建文件夹 (2)\2024年11月1日 22时52分\112_PANA\_YYL5595.JPG
2024-11-08 22:25:05.195 +08:00 [INF] [main] 路径内容:E:\新建文件夹 (2)\2024年11月1日 22时52分\112_PANA\_YYL5746.JPG
2024-11-08 22:25:05.195 +08:00 [INF] [main] 路径内容:E:\新建文件夹 (2)\2024年11月1日 22时52分\112_PANA\_YYL5811.JPG
2024-11-08 22:25:05.195 +08:00 [INF] [main] 路径内容:E:\新建文件夹 (2)\2024年11月1日 22时52分\112_PANA\_YYL5867.JPG
2024-11-08 22:25:05.195 +08:00 [INF] [main] 路径内容:E:\新建文件夹 (2)\2024年11月1日 22时52分\112_PANA\_YYL5241.JPG
2024-11-08 22:25:05.195 +08:00 [INF] [main] 路径内容:E:\新建文件夹 (2)\2024年11月1日 22时52分\112_PANA\_YYL5244.JPG
2024-11-08 22:25:05.195 +08:00 [INF] [main] 路径内容:E:\新建文件夹 (2)\2024年11月1日 22时52分\112_PANA\_YYL5258.JPG
2024-11-08 22:25:05.195 +08:00 [INF] [main] 路径内容:E:\新建文件夹 (2)\2024年11月1日 22时52分\112_PANA\_YYL5261.JPG
2024-11-08 22:25:05.195 +08:00 [INF] [main] 路径内容:E:\新建文件夹 (2)\2024年11月1日 22时52分\112_PANA\_YYL5276.JPG
2024-11-08 22:25:05.195 +08:00 [INF] [main] 路径内容:E:\新建文件夹 (2)\2024年11月1日 22时52分\112_PANA\_YYL5277.JPG
2024-11-08 22:25:05.195 +08:00 [INF] [main] 路径内容:E:\新建文件夹 (2)\2024年11月1日 22时52分\112_PANA\_YYL5338.JPG
2024-11-08 22:25:05.195 +08:00 [INF] [main] 路径内容:E:\新建文件夹 (2)\2024年11月1日 22时52分\112_PANA\_YYL5366.JPG
2024-11-08 22:25:05.195 +08:00 [INF] [main] 路径内容:E:\新建文件夹 (2)\2024年11月1日 22时52分\112_PANA\_YYL5369.JPG
2024-11-08 22:25:05.195 +08:00 [INF] [main] 路径内容:E:\新建文件夹 (2)\2024年11月1日 22时52分\112_PANA\_YYL5381.JPG
2024-11-08 22:25:05.195 +08:00 [INF] [main] 路径内容:E:\新建文件夹 (2)\2024年11月1日 22时52分\112_PANA\_YYL5397.JPG
2024-11-08 22:25:05.195 +08:00 [INF] [main] 路径内容:E:\新建文件夹 (2)\2024年11月1日 22时52分\112_PANA\_YYL5401.JPG
2024-11-08 22:25:05.195 +08:00 [INF] [main] 路径内容:E:\新建文件夹 (2)\2024年11月1日 22时52分\112_PANA\_YYL5403.JPG
2024-11-08 22:25:05.195 +08:00 [INF] [main] 路径内容:E:\新建文件夹 (2)\2024年11月1日 22时52分\112_PANA\_YYL5407.JPG
2024-11-08 22:25:05.195 +08:00 [INF] [main] 路径内容:E:\新建文件夹 (2)\2024年11月1日 22时52分\112_PANA\_YYL5420.JPG
2024-11-08 22:25:05.195 +08:00 [INF] [main] 路径内容:E:\新建文件夹 (2)\2024年11月1日 22时52分\112_PANA\_YYL5457.JPG
2024-11-08 22:25:05.195 +08:00 [INF] [main] 路径内容:E:\新建文件夹 (2)\2024年11月1日 22时52分\112_PANA\_YYL5458.JPG
2024-11-08 22:25:05.195 +08:00 [INF] [main] 路径内容:E:\新建文件夹 (2)\2024年11月1日 22时52分\112_PANA\_YYL5462.JPG
2024-11-08 22:25:05.195 +08:00 [INF] [main] 路径内容:E:\新建文件夹 (2)\2024年11月1日 22时52分\112_PANA\_YYL5466.JPG
2024-11-08 22:25:05.195 +08:00 [INF] [main] 路径内容:E:\新建文件夹 (2)\2024年11月1日 22时52分\112_PANA\_YYL5474.JPG
2024-11-08 22:25:05.199 +08:00 [INF] [main] 路径内容:E:\新建文件夹 (2)\2024年11月1日 22时52分\112_PANA\_YYL5475.JPG
2024-11-08 22:25:05.199 +08:00 [INF] [main] 路径内容:E:\新建文件夹 (2)\2024年11月1日 22时52分\112_PANA\_YYL5493.JPG
2024-11-08 22:25:05.199 +08:00 [INF] [main] 路径内容:E:\新建文件夹 (2)\2024年11月1日 22时52分\112_PANA\_YYL5498.JPG
2024-11-08 22:25:05.199 +08:00 [INF] [main] 路径内容:E:\新建文件夹 (2)\2024年11月1日 22时52分\112_PANA\_YYL5503.JPG
2024-11-08 22:25:05.199 +08:00 [INF] [main] 路径内容:E:\新建文件夹 (2)\2024年11月1日 22时52分\112_PANA\_YYL5510.JPG
2024-11-08 22:25:05.199 +08:00 [INF] [main] 路径内容:E:\新建文件夹 (2)\2024年11月1日 22时52分\112_PANA\_YYL5516.JPG
2024-11-08 22:25:05.199 +08:00 [INF] [main] 路径内容:E:\新建文件夹 (2)\2024年11月1日 22时52分\112_PANA\_YYL5520.JPG
2024-11-08 22:25:05.199 +08:00 [INF] [main] 路径内容:E:\新建文件夹 (2)\2024年11月1日 22时52分\112_PANA\_YYL5533.JPG
2024-11-08 22:25:05.199 +08:00 [INF] [main] 路径内容:E:\新建文件夹 (2)\2024年11月1日 22时52分\112_PANA\_YYL5545.JPG
2024-11-08 22:25:05.199 +08:00 [INF] [main] 路径内容:E:\新建文件夹 (2)\2024年11月1日 22时52分\112_PANA\_YYL5564.JPG
2024-11-08 22:25:05.199 +08:00 [INF] [main] 路径内容:E:\新建文件夹 (2)\2024年11月1日 22时52分\112_PANA\_YYL5566.JPG
2024-11-08 22:25:05.199 +08:00 [INF] [main] 路径内容:E:\新建文件夹 (2)\2024年11月1日 22时52分\112_PANA\_YYL5570.JPG
2024-11-08 22:25:05.199 +08:00 [INF] [main] 路径内容:E:\新建文件夹 (2)\2024年11月1日 22时52分\112_PANA\_YYL5572.JPG
2024-11-08 22:25:05.199 +08:00 [INF] [main] 路径内容:E:\新建文件夹 (2)\2024年11月1日 22时52分\112_PANA\_YYL5576.JPG
2024-11-08 22:25:05.199 +08:00 [INF] [main] 路径内容:E:\新建文件夹 (2)\2024年11月1日 22时52分\112_PANA\_YYL5577.JPG
2024-11-08 22:25:05.199 +08:00 [INF] [main] 路径内容:E:\新建文件夹 (2)\2024年11月1日 22时52分\112_PANA\_YYL5582.JPG
2024-11-08 22:25:05.199 +08:00 [INF] [main] 路径内容:E:\新建文件夹 (2)\2024年11月1日 22时52分\112_PANA\_YYL5585.JPG
2024-11-08 22:25:05.199 +08:00 [INF] [main] 路径内容:E:\新建文件夹 (2)\2024年11月1日 22时52分\112_PANA\_YYL5591.JPG
2024-11-08 22:25:05.199 +08:00 [INF] [main] 路径内容:E:\新建文件夹 (2)\2024年11月1日 22时52分\112_PANA\_YYL5595.JPG
2024-11-08 22:25:05.199 +08:00 [INF] [main] 路径内容:E:\新建文件夹 (2)\2024年11月1日 22时52分\112_PANA\_YYL5746.JPG
2024-11-08 22:25:05.199 +08:00 [INF] [main] 路径内容:E:\新建文件夹 (2)\2024年11月1日 22时52分\112_PANA\_YYL5811.JPG
2024-11-08 22:25:05.199 +08:00 [INF] [main] 路径内容:E:\新建文件夹 (2)\2024年11月1日 22时52分\112_PANA\_YYL5867.JPG
2024-11-08 22:25:08.931 +08:00 [INF] [main] 路径存储成功 存储内容:StoragePath:E:\新建文件夹 (2)\2024年11月5日\DCIM\118_PANA, IsEnable:$True
2024-11-08 22:25:10.101 +08:00 [INF] [main] 页面渲染
2024-11-08 22:25:10.148 +08:00 [INF] [main] 123123
2024-11-08 22:25:10.148 +08:00 [INF] [main] 路径内容:E:\新建文件夹 (2)\2024年11月1日 22时52分\112_PANA\_YYL5241.JPG
2024-11-08 22:25:10.148 +08:00 [INF] [main] 路径内容:E:\新建文件夹 (2)\2024年11月1日 22时52分\112_PANA\_YYL5244.JPG
2024-11-08 22:25:10.148 +08:00 [INF] [main] 路径内容:E:\新建文件夹 (2)\2024年11月1日 22时52分\112_PANA\_YYL5258.JPG
2024-11-08 22:25:10.148 +08:00 [INF] [main] 路径内容:E:\新建文件夹 (2)\2024年11月1日 22时52分\112_PANA\_YYL5261.JPG
2024-11-08 22:25:10.148 +08:00 [INF] [main] 路径内容:E:\新建文件夹 (2)\2024年11月1日 22时52分\112_PANA\_YYL5276.JPG
2024-11-08 22:25:10.148 +08:00 [INF] [main] 路径内容:E:\新建文件夹 (2)\2024年11月1日 22时52分\112_PANA\_YYL5277.JPG
2024-11-08 22:25:10.148 +08:00 [INF] [main] 路径内容:E:\新建文件夹 (2)\2024年11月1日 22时52分\112_PANA\_YYL5338.JPG
2024-11-08 22:25:10.148 +08:00 [INF] [main] 路径内容:E:\新建文件夹 (2)\2024年11月1日 22时52分\112_PANA\_YYL5366.JPG
2024-11-08 22:25:10.148 +08:00 [INF] [main] 路径内容:E:\新建文件夹 (2)\2024年11月1日 22时52分\112_PANA\_YYL5369.JPG
2024-11-08 22:25:10.148 +08:00 [INF] [main] 路径内容:E:\新建文件夹 (2)\2024年11月1日 22时52分\112_PANA\_YYL5381.JPG
2024-11-08 22:25:10.148 +08:00 [INF] [main] 路径内容:E:\新建文件夹 (2)\2024年11月1日 22时52分\112_PANA\_YYL5397.JPG
2024-11-08 22:25:10.148 +08:00 [INF] [main] 路径内容:E:\新建文件夹 (2)\2024年11月1日 22时52分\112_PANA\_YYL5401.JPG
2024-11-08 22:25:10.148 +08:00 [INF] [main] 路径内容:E:\新建文件夹 (2)\2024年11月1日 22时52分\112_PANA\_YYL5403.JPG
2024-11-08 22:25:10.148 +08:00 [INF] [main] 路径内容:E:\新建文件夹 (2)\2024年11月1日 22时52分\112_PANA\_YYL5407.JPG
2024-11-08 22:25:10.148 +08:00 [INF] [main] 路径内容:E:\新建文件夹 (2)\2024年11月1日 22时52分\112_PANA\_YYL5420.JPG
2024-11-08 22:25:10.148 +08:00 [INF] [main] 路径内容:E:\新建文件夹 (2)\2024年11月1日 22时52分\112_PANA\_YYL5457.JPG
2024-11-08 22:25:10.148 +08:00 [INF] [main] 路径内容:E:\新建文件夹 (2)\2024年11月1日 22时52分\112_PANA\_YYL5458.JPG
2024-11-08 22:25:10.148 +08:00 [INF] [main] 路径内容:E:\新建文件夹 (2)\2024年11月1日 22时52分\112_PANA\_YYL5462.JPG
2024-11-08 22:25:10.148 +08:00 [INF] [main] 路径内容:E:\新建文件夹 (2)\2024年11月1日 22时52分\112_PANA\_YYL5466.JPG
2024-11-08 22:25:10.148 +08:00 [INF] [main] 路径内容:E:\新建文件夹 (2)\2024年11月1日 22时52分\112_PANA\_YYL5474.JPG
2024-11-08 22:25:10.148 +08:00 [INF] [main] 路径内容:E:\新建文件夹 (2)\2024年11月1日 22时52分\112_PANA\_YYL5475.JPG
2024-11-08 22:25:10.148 +08:00 [INF] [main] 路径内容:E:\新建文件夹 (2)\2024年11月1日 22时52分\112_PANA\_YYL5493.JPG
2024-11-08 22:25:10.148 +08:00 [INF] [main] 路径内容:E:\新建文件夹 (2)\2024年11月1日 22时52分\112_PANA\_YYL5498.JPG
2024-11-08 22:25:10.148 +08:00 [INF] [main] 路径内容:E:\新建文件夹 (2)\2024年11月1日 22时52分\112_PANA\_YYL5503.JPG
2024-11-08 22:25:10.149 +08:00 [INF] [main] 路径内容:E:\新建文件夹 (2)\2024年11月1日 22时52分\112_PANA\_YYL5510.JPG
2024-11-08 22:25:10.149 +08:00 [INF] [main] 路径内容:E:\新建文件夹 (2)\2024年11月1日 22时52分\112_PANA\_YYL5516.JPG
2024-11-08 22:25:10.149 +08:00 [INF] [main] 路径内容:E:\新建文件夹 (2)\2024年11月1日 22时52分\112_PANA\_YYL5520.JPG
2024-11-08 22:25:10.149 +08:00 [INF] [main] 路径内容:E:\新建文件夹 (2)\2024年11月1日 22时52分\112_PANA\_YYL5533.JPG
2024-11-08 22:25:10.149 +08:00 [INF] [main] 路径内容:E:\新建文件夹 (2)\2024年11月1日 22时52分\112_PANA\_YYL5545.JPG
2024-11-08 22:25:10.149 +08:00 [INF] [main] 路径内容:E:\新建文件夹 (2)\2024年11月1日 22时52分\112_PANA\_YYL5564.JPG
2024-11-08 22:25:10.149 +08:00 [INF] [main] 路径内容:E:\新建文件夹 (2)\2024年11月1日 22时52分\112_PANA\_YYL5566.JPG
2024-11-08 22:25:10.149 +08:00 [INF] [main] 路径内容:E:\新建文件夹 (2)\2024年11月1日 22时52分\112_PANA\_YYL5570.JPG
2024-11-08 22:25:10.149 +08:00 [INF] [main] 路径内容:E:\新建文件夹 (2)\2024年11月1日 22时52分\112_PANA\_YYL5572.JPG
2024-11-08 22:25:10.149 +08:00 [INF] [main] 路径内容:E:\新建文件夹 (2)\2024年11月1日 22时52分\112_PANA\_YYL5576.JPG
2024-11-08 22:25:10.149 +08:00 [INF] [main] 路径内容:E:\新建文件夹 (2)\2024年11月1日 22时52分\112_PANA\_YYL5577.JPG
2024-11-08 22:25:10.149 +08:00 [INF] [main] 路径内容:E:\新建文件夹 (2)\2024年11月1日 22时52分\112_PANA\_YYL5582.JPG
2024-11-08 22:25:10.149 +08:00 [INF] [main] 路径内容:E:\新建文件夹 (2)\2024年11月1日 22时52分\112_PANA\_YYL5585.JPG
2024-11-08 22:25:10.149 +08:00 [INF] [main] 路径内容:E:\新建文件夹 (2)\2024年11月1日 22时52分\112_PANA\_YYL5591.JPG
2024-11-08 22:25:10.149 +08:00 [INF] [main] 路径内容:E:\新建文件夹 (2)\2024年11月1日 22时52分\112_PANA\_YYL5595.JPG
2024-11-08 22:25:10.149 +08:00 [INF] [main] 路径内容:E:\新建文件夹 (2)\2024年11月1日 22时52分\112_PANA\_YYL5746.JPG
2024-11-08 22:25:10.149 +08:00 [INF] [main] 路径内容:E:\新建文件夹 (2)\2024年11月1日 22时52分\112_PANA\_YYL5811.JPG
2024-11-08 22:25:10.149 +08:00 [INF] [main] 路径内容:E:\新建文件夹 (2)\2024年11月1日 22时52分\112_PANA\_YYL5867.JPG
2024-11-08 22:25:10.149 +08:00 [INF] [main] 路径内容:E:\新建文件夹 (2)\2024年11月1日 22时52分\112_PANA\_YYL5241.JPG
2024-11-08 22:25:10.149 +08:00 [INF] [main] 路径内容:E:\新建文件夹 (2)\2024年11月1日 22时52分\112_PANA\_YYL5244.JPG
2024-11-08 22:25:10.152 +08:00 [INF] [main] 路径内容:E:\新建文件夹 (2)\2024年11月1日 22时52分\112_PANA\_YYL5258.JPG
2024-11-08 22:25:10.152 +08:00 [INF] [main] 路径内容:E:\新建文件夹 (2)\2024年11月1日 22时52分\112_PANA\_YYL5261.JPG
2024-11-08 22:25:10.152 +08:00 [INF] [main] 路径内容:E:\新建文件夹 (2)\2024年11月1日 22时52分\112_PANA\_YYL5276.JPG
2024-11-08 22:25:10.153 +08:00 [INF] [main] 路径内容:E:\新建文件夹 (2)\2024年11月1日 22时52分\112_PANA\_YYL5277.JPG
2024-11-08 22:25:10.153 +08:00 [INF] [main] 路径内容:E:\新建文件夹 (2)\2024年11月1日 22时52分\112_PANA\_YYL5338.JPG
2024-11-08 22:25:10.153 +08:00 [INF] [main] 路径内容:E:\新建文件夹 (2)\2024年11月1日 22时52分\112_PANA\_YYL5366.JPG
2024-11-08 22:25:10.153 +08:00 [INF] [main] 路径内容:E:\新建文件夹 (2)\2024年11月1日 22时52分\112_PANA\_YYL5369.JPG
2024-11-08 22:25:10.153 +08:00 [INF] [main] 路径内容:E:\新建文件夹 (2)\2024年11月1日 22时52分\112_PANA\_YYL5381.JPG
2024-11-08 22:25:10.153 +08:00 [INF] [main] 路径内容:E:\新建文件夹 (2)\2024年11月1日 22时52分\112_PANA\_YYL5397.JPG
2024-11-08 22:25:10.153 +08:00 [INF] [main] 路径内容:E:\新建文件夹 (2)\2024年11月1日 22时52分\112_PANA\_YYL5401.JPG
2024-11-08 22:25:10.153 +08:00 [INF] [main] 路径内容:E:\新建文件夹 (2)\2024年11月1日 22时52分\112_PANA\_YYL5403.JPG
2024-11-08 22:25:10.153 +08:00 [INF] [main] 路径内容:E:\新建文件夹 (2)\2024年11月1日 22时52分\112_PANA\_YYL5407.JPG
2024-11-08 22:25:10.153 +08:00 [INF] [main] 路径内容:E:\新建文件夹 (2)\2024年11月1日 22时52分\112_PANA\_YYL5420.JPG
2024-11-08 22:25:10.153 +08:00 [INF] [main] 路径内容:E:\新建文件夹 (2)\2024年11月1日 22时52分\112_PANA\_YYL5457.JPG
2024-11-08 22:25:10.153 +08:00 [INF] [main] 路径内容:E:\新建文件夹 (2)\2024年11月1日 22时52分\112_PANA\_YYL5458.JPG
2024-11-08 22:25:10.153 +08:00 [INF] [main] 路径内容:E:\新建文件夹 (2)\2024年11月1日 22时52分\112_PANA\_YYL5462.JPG
2024-11-08 22:25:10.153 +08:00 [INF] [main] 路径内容:E:\新建文件夹 (2)\2024年11月1日 22时52分\112_PANA\_YYL5466.JPG
2024-11-08 22:25:10.153 +08:00 [INF] [main] 路径内容:E:\新建文件夹 (2)\2024年11月1日 22时52分\112_PANA\_YYL5474.JPG
2024-11-08 22:25:10.153 +08:00 [INF] [main] 路径内容:E:\新建文件夹 (2)\2024年11月1日 22时52分\112_PANA\_YYL5475.JPG
2024-11-08 22:25:10.153 +08:00 [INF] [main] 路径内容:E:\新建文件夹 (2)\2024年11月1日 22时52分\112_PANA\_YYL5493.JPG
2024-11-08 22:25:10.153 +08:00 [INF] [main] 路径内容:E:\新建文件夹 (2)\2024年11月1日 22时52分\112_PANA\_YYL5498.JPG
2024-11-08 22:25:10.153 +08:00 [INF] [main] 路径内容:E:\新建文件夹 (2)\2024年11月1日 22时52分\112_PANA\_YYL5503.JPG
2024-11-08 22:25:10.153 +08:00 [INF] [main] 路径内容:E:\新建文件夹 (2)\2024年11月1日 22时52分\112_PANA\_YYL5510.JPG
2024-11-08 22:25:10.153 +08:00 [INF] [main] 路径内容:E:\新建文件夹 (2)\2024年11月1日 22时52分\112_PANA\_YYL5516.JPG
2024-11-08 22:25:10.153 +08:00 [INF] [main] 路径内容:E:\新建文件夹 (2)\2024年11月1日 22时52分\112_PANA\_YYL5520.JPG
2024-11-08 22:25:10.153 +08:00 [INF] [main] 路径内容:E:\新建文件夹 (2)\2024年11月1日 22时52分\112_PANA\_YYL5533.JPG
2024-11-08 22:25:10.153 +08:00 [INF] [main] 路径内容:E:\新建文件夹 (2)\2024年11月1日 22时52分\112_PANA\_YYL5545.JPG
2024-11-08 22:25:10.153 +08:00 [INF] [main] 路径内容:E:\新建文件夹 (2)\2024年11月1日 22时52分\112_PANA\_YYL5564.JPG
2024-11-08 22:25:10.153 +08:00 [INF] [main] 路径内容:E:\新建文件夹 (2)\2024年11月1日 22时52分\112_PANA\_YYL5566.JPG
2024-11-08 22:25:10.153 +08:00 [INF] [main] 路径内容:E:\新建文件夹 (2)\2024年11月1日 22时52分\112_PANA\_YYL5570.JPG
2024-11-08 22:25:10.153 +08:00 [INF] [main] 路径内容:E:\新建文件夹 (2)\2024年11月1日 22时52分\112_PANA\_YYL5572.JPG
2024-11-08 22:25:10.153 +08:00 [INF] [main] 路径内容:E:\新建文件夹 (2)\2024年11月1日 22时52分\112_PANA\_YYL5576.JPG
2024-11-08 22:25:10.153 +08:00 [INF] [main] 路径内容:E:\新建文件夹 (2)\2024年11月1日 22时52分\112_PANA\_YYL5577.JPG
2024-11-08 22:25:10.153 +08:00 [INF] [main] 路径内容:E:\新建文件夹 (2)\2024年11月1日 22时52分\112_PANA\_YYL5582.JPG
2024-11-08 22:25:10.153 +08:00 [INF] [main] 路径内容:E:\新建文件夹 (2)\2024年11月1日 22时52分\112_PANA\_YYL5585.JPG
2024-11-08 22:25:10.153 +08:00 [INF] [main] 路径内容:E:\新建文件夹 (2)\2024年11月1日 22时52分\112_PANA\_YYL5591.JPG
2024-11-08 22:25:10.153 +08:00 [INF] [main] 路径内容:E:\新建文件夹 (2)\2024年11月1日 22时52分\112_PANA\_YYL5595.JPG
2024-11-08 22:25:10.153 +08:00 [INF] [main] 路径内容:E:\新建文件夹 (2)\2024年11月1日 22时52分\112_PANA\_YYL5746.JPG
2024-11-08 22:25:10.153 +08:00 [INF] [main] 路径内容:E:\新建文件夹 (2)\2024年11月1日 22时52分\112_PANA\_YYL5811.JPG
2024-11-08 22:25:10.153 +08:00 [INF] [main] 路径内容:E:\新建文件夹 (2)\2024年11月1日 22时52分\112_PANA\_YYL5867.JPG
2024-11-08 22:25:10.153 +08:00 [INF] [main] 路径内容:E:\新建文件夹 (2)\2024年11月1日 22时52分\112_PANA\_YYL5241.JPG
2024-11-08 22:25:10.153 +08:00 [INF] [main] 路径内容:E:\新建文件夹 (2)\2024年11月1日 22时52分\112_PANA\_YYL5244.JPG
2024-11-08 22:25:10.153 +08:00 [INF] [main] 路径内容:E:\新建文件夹 (2)\2024年11月1日 22时52分\112_PANA\_YYL5258.JPG
2024-11-08 22:25:10.153 +08:00 [INF] [main] 路径内容:E:\新建文件夹 (2)\2024年11月1日 22时52分\112_PANA\_YYL5261.JPG
2024-11-08 22:25:10.153 +08:00 [INF] [main] 路径内容:E:\新建文件夹 (2)\2024年11月1日 22时52分\112_PANA\_YYL5276.JPG
2024-11-08 22:25:10.153 +08:00 [INF] [main] 路径内容:E:\新建文件夹 (2)\2024年11月1日 22时52分\112_PANA\_YYL5277.JPG
2024-11-08 22:25:10.153 +08:00 [INF] [main] 路径内容:E:\新建文件夹 (2)\2024年11月1日 22时52分\112_PANA\_YYL5338.JPG
2024-11-08 22:25:10.153 +08:00 [INF] [main] 路径内容:E:\新建文件夹 (2)\2024年11月1日 22时52分\112_PANA\_YYL5366.JPG
2024-11-08 22:25:10.153 +08:00 [INF] [main] 路径内容:E:\新建文件夹 (2)\2024年11月1日 22时52分\112_PANA\_YYL5369.JPG
2024-11-08 22:25:10.153 +08:00 [INF] [main] 路径内容:E:\新建文件夹 (2)\2024年11月1日 22时52分\112_PANA\_YYL5381.JPG
2024-11-08 22:25:10.153 +08:00 [INF] [main] 路径内容:E:\新建文件夹 (2)\2024年11月1日 22时52分\112_PANA\_YYL5397.JPG
2024-11-08 22:25:10.153 +08:00 [INF] [main] 路径内容:E:\新建文件夹 (2)\2024年11月1日 22时52分\112_PANA\_YYL5401.JPG
2024-11-08 22:25:10.153 +08:00 [INF] [main] 路径内容:E:\新建文件夹 (2)\2024年11月1日 22时52分\112_PANA\_YYL5403.JPG
2024-11-08 22:25:10.153 +08:00 [INF] [main] 路径内容:E:\新建文件夹 (2)\2024年11月1日 22时52分\112_PANA\_YYL5407.JPG
2024-11-08 22:25:10.153 +08:00 [INF] [main] 路径内容:E:\新建文件夹 (2)\2024年11月1日 22时52分\112_PANA\_YYL5420.JPG
2024-11-08 22:25:10.153 +08:00 [INF] [main] 路径内容:E:\新建文件夹 (2)\2024年11月1日 22时52分\112_PANA\_YYL5457.JPG
2024-11-08 22:25:10.153 +08:00 [INF] [main] 路径内容:E:\新建文件夹 (2)\2024年11月1日 22时52分\112_PANA\_YYL5458.JPG
2024-11-08 22:25:10.153 +08:00 [INF] [main] 路径内容:E:\新建文件夹 (2)\2024年11月1日 22时52分\112_PANA\_YYL5462.JPG
2024-11-08 22:25:10.153 +08:00 [INF] [main] 路径内容:E:\新建文件夹 (2)\2024年11月1日 22时52分\112_PANA\_YYL5466.JPG
2024-11-08 22:25:10.153 +08:00 [INF] [main] 路径内容:E:\新建文件夹 (2)\2024年11月1日 22时52分\112_PANA\_YYL5474.JPG
2024-11-08 22:25:10.155 +08:00 [INF] [main] 路径内容:E:\新建文件夹 (2)\2024年11月1日 22时52分\112_PANA\_YYL5475.JPG
2024-11-08 22:25:10.155 +08:00 [INF] [main] 路径内容:E:\新建文件夹 (2)\2024年11月1日 22时52分\112_PANA\_YYL5493.JPG
2024-11-08 22:25:10.155 +08:00 [INF] [main] 路径内容:E:\新建文件夹 (2)\2024年11月1日 22时52分\112_PANA\_YYL5498.JPG
2024-11-08 22:25:10.155 +08:00 [INF] [main] 路径内容:E:\新建文件夹 (2)\2024年11月1日 22时52分\112_PANA\_YYL5503.JPG
2024-11-08 22:25:10.155 +08:00 [INF] [main] 路径内容:E:\新建文件夹 (2)\2024年11月1日 22时52分\112_PANA\_YYL5510.JPG
2024-11-08 22:25:10.155 +08:00 [INF] [main] 路径内容:E:\新建文件夹 (2)\2024年11月1日 22时52分\112_PANA\_YYL5516.JPG
2024-11-08 22:25:10.155 +08:00 [INF] [main] 路径内容:E:\新建文件夹 (2)\2024年11月1日 22时52分\112_PANA\_YYL5520.JPG
2024-11-08 22:25:10.155 +08:00 [INF] [main] 路径内容:E:\新建文件夹 (2)\2024年11月1日 22时52分\112_PANA\_YYL5533.JPG
2024-11-08 22:25:10.155 +08:00 [INF] [main] 路径内容:E:\新建文件夹 (2)\2024年11月1日 22时52分\112_PANA\_YYL5545.JPG
2024-11-08 22:25:10.155 +08:00 [INF] [main] 路径内容:E:\新建文件夹 (2)\2024年11月1日 22时52分\112_PANA\_YYL5564.JPG
2024-11-08 22:25:10.155 +08:00 [INF] [main] 路径内容:E:\新建文件夹 (2)\2024年11月1日 22时52分\112_PANA\_YYL5566.JPG
2024-11-08 22:25:10.155 +08:00 [INF] [main] 路径内容:E:\新建文件夹 (2)\2024年11月1日 22时52分\112_PANA\_YYL5570.JPG
2024-11-08 22:25:10.155 +08:00 [INF] [main] 路径内容:E:\新建文件夹 (2)\2024年11月1日 22时52分\112_PANA\_YYL5572.JPG
2024-11-08 22:25:10.155 +08:00 [INF] [main] 路径内容:E:\新建文件夹 (2)\2024年11月1日 22时52分\112_PANA\_YYL5576.JPG
2024-11-08 22:25:10.155 +08:00 [INF] [main] 路径内容:E:\新建文件夹 (2)\2024年11月1日 22时52分\112_PANA\_YYL5577.JPG
2024-11-08 22:25:10.155 +08:00 [INF] [main] 路径内容:E:\新建文件夹 (2)\2024年11月1日 22时52分\112_PANA\_YYL5582.JPG
2024-11-08 22:25:10.155 +08:00 [INF] [main] 路径内容:E:\新建文件夹 (2)\2024年11月1日 22时52分\112_PANA\_YYL5585.JPG
2024-11-08 22:25:10.155 +08:00 [INF] [main] 路径内容:E:\新建文件夹 (2)\2024年11月1日 22时52分\112_PANA\_YYL5591.JPG
2024-11-08 22:25:10.155 +08:00 [INF] [main] 路径内容:E:\新建文件夹 (2)\2024年11月1日 22时52分\112_PANA\_YYL5595.JPG
2024-11-08 22:25:10.155 +08:00 [INF] [main] 路径内容:E:\新建文件夹 (2)\2024年11月1日 22时52分\112_PANA\_YYL5746.JPG
2024-11-08 22:25:10.155 +08:00 [INF] [main] 路径内容:E:\新建文件夹 (2)\2024年11月1日 22时52分\112_PANA\_YYL5811.JPG
2024-11-08 22:25:10.155 +08:00 [INF] [main] 路径内容:E:\新建文件夹 (2)\2024年11月1日 22时52分\112_PANA\_YYL5867.JPG
2024-11-08 22:25:10.155 +08:00 [INF] [main] 路径内容:E:\新建文件夹 (2)\2024年11月5日\DCIM\118_PANA\_YYL2127.JPG
2024-11-08 22:25:10.155 +08:00 [INF] [main] 路径内容:E:\新建文件夹 (2)\2024年11月5日\DCIM\118_PANA\_YYL2130.JPG
2024-11-08 22:25:10.155 +08:00 [INF] [main] 路径内容:E:\新建文件夹 (2)\2024年11月5日\DCIM\118_PANA\_YYL2165.JPG
2024-11-08 22:25:10.155 +08:00 [INF] [main] 路径内容:E:\新建文件夹 (2)\2024年11月5日\DCIM\118_PANA\_YYL2171.JPG
2024-11-08 22:25:10.155 +08:00 [INF] [main] 路径内容:E:\新建文件夹 (2)\2024年11月5日\DCIM\118_PANA\_YYL2174.JPG
2024-11-08 22:25:10.155 +08:00 [INF] [main] 路径内容:E:\新建文件夹 (2)\2024年11月5日\DCIM\118_PANA\_YYL2175.JPG
2024-11-08 22:25:10.155 +08:00 [INF] [main] 路径内容:E:\新建文件夹 (2)\2024年11月5日\DCIM\118_PANA\_YYL2177.JPG
2024-11-08 22:25:10.155 +08:00 [INF] [main] 路径内容:E:\新建文件夹 (2)\2024年11月5日\DCIM\118_PANA\_YYL2182.JPG
2024-11-08 22:25:10.155 +08:00 [INF] [main] 路径内容:E:\新建文件夹 (2)\2024年11月5日\DCIM\118_PANA\_YYL2185.JPG
2024-11-08 22:25:10.155 +08:00 [INF] [main] 路径内容:E:\新建文件夹 (2)\2024年11月5日\DCIM\118_PANA\_YYL2191.JPG
2024-11-08 22:25:10.155 +08:00 [INF] [main] 路径内容:E:\新建文件夹 (2)\2024年11月5日\DCIM\118_PANA\_YYL2193.JPG
2024-11-08 22:25:10.155 +08:00 [INF] [main] 路径内容:E:\新建文件夹 (2)\2024年11月5日\DCIM\118_PANA\_YYL2195.JPG
2024-11-08 22:25:10.155 +08:00 [INF] [main] 路径内容:E:\新建文件夹 (2)\2024年11月5日\DCIM\118_PANA\_YYL2205.JPG
2024-11-08 22:25:10.155 +08:00 [INF] [main] 路径内容:E:\新建文件夹 (2)\2024年11月5日\DCIM\118_PANA\_YYL2209.JPG
2024-11-08 22:25:10.155 +08:00 [INF] [main] 路径内容:E:\新建文件夹 (2)\2024年11月5日\DCIM\118_PANA\_YYL2214.JPG
2024-11-08 22:25:10.155 +08:00 [INF] [main] 路径内容:E:\新建文件夹 (2)\2024年11月5日\DCIM\118_PANA\_YYL2215.JPG
2024-11-08 22:25:10.155 +08:00 [INF] [main] 路径内容:E:\新建文件夹 (2)\2024年11月5日\DCIM\118_PANA\_YYL2218.JPG
2024-11-08 22:25:10.155 +08:00 [INF] [main] 路径内容:E:\新建文件夹 (2)\2024年11月5日\DCIM\118_PANA\_YYL2220.JPG
2024-11-08 22:25:10.155 +08:00 [INF] [main] 路径内容:E:\新建文件夹 (2)\2024年11月5日\DCIM\118_PANA\_YYL2228.JPG
2024-11-08 22:25:10.155 +08:00 [INF] [main] 路径内容:E:\新建文件夹 (2)\2024年11月5日\DCIM\118_PANA\_YYL2230.JPG
2024-11-08 22:25:10.155 +08:00 [INF] [main] 路径内容:E:\新建文件夹 (2)\2024年11月5日\DCIM\118_PANA\_YYL2232.JPG
2024-11-08 22:25:10.155 +08:00 [INF] [main] 路径内容:E:\新建文件夹 (2)\2024年11月5日\DCIM\118_PANA\_YYL2234.JPG
2024-11-08 22:25:10.155 +08:00 [INF] [main] 路径内容:E:\新建文件夹 (2)\2024年11月5日\DCIM\118_PANA\_YYL2235.JPG
2024-11-08 22:25:10.155 +08:00 [INF] [main] 路径内容:E:\新建文件夹 (2)\2024年11月5日\DCIM\118_PANA\_YYL2236.JPG
2024-11-08 22:25:10.155 +08:00 [INF] [main] 路径内容:E:\新建文件夹 (2)\2024年11月5日\DCIM\118_PANA\_YYL2248.JPG
2024-11-08 22:25:10.155 +08:00 [INF] [main] 路径内容:E:\新建文件夹 (2)\2024年11月5日\DCIM\118_PANA\_YYL2249.JPG
2024-11-08 22:25:10.155 +08:00 [INF] [main] 路径内容:E:\新建文件夹 (2)\2024年11月5日\DCIM\118_PANA\_YYL2251.JPG
2024-11-08 22:25:10.155 +08:00 [INF] [main] 路径内容:E:\新建文件夹 (2)\2024年11月5日\DCIM\118_PANA\_YYL2253.JPG
2024-11-08 22:25:16.639 +08:00 [INF] [main] ====================================== 程序启动! ==================================
2024-11-08 22:25:18.644 +08:00 [INF] [main] 页面渲染
2024-11-08 22:25:19.170 +08:00 [INF] [main] 123123
2024-11-08 22:25:19.170 +08:00 [INF] [main] 路径内容:E:\新建文件夹 (2)\2024年11月5日\DCIM\118_PANA\_YYL2127.JPG
2024-11-08 22:25:19.170 +08:00 [INF] [main] 路径内容:E:\新建文件夹 (2)\2024年11月5日\DCIM\118_PANA\_YYL2130.JPG
2024-11-08 22:25:19.170 +08:00 [INF] [main] 路径内容:E:\新建文件夹 (2)\2024年11月5日\DCIM\118_PANA\_YYL2165.JPG
2024-11-08 22:25:19.170 +08:00 [INF] [main] 路径内容:E:\新建文件夹 (2)\2024年11月5日\DCIM\118_PANA\_YYL2171.JPG
2024-11-08 22:25:19.170 +08:00 [INF] [main] 路径内容:E:\新建文件夹 (2)\2024年11月5日\DCIM\118_PANA\_YYL2174.JPG
2024-11-08 22:25:19.170 +08:00 [INF] [main] 路径内容:E:\新建文件夹 (2)\2024年11月5日\DCIM\118_PANA\_YYL2175.JPG
2024-11-08 22:25:19.170 +08:00 [INF] [main] 路径内容:E:\新建文件夹 (2)\2024年11月5日\DCIM\118_PANA\_YYL2177.JPG
2024-11-08 22:25:19.170 +08:00 [INF] [main] 路径内容:E:\新建文件夹 (2)\2024年11月5日\DCIM\118_PANA\_YYL2182.JPG
2024-11-08 22:25:19.170 +08:00 [INF] [main] 路径内容:E:\新建文件夹 (2)\2024年11月5日\DCIM\118_PANA\_YYL2185.JPG
2024-11-08 22:25:19.170 +08:00 [INF] [main] 路径内容:E:\新建文件夹 (2)\2024年11月5日\DCIM\118_PANA\_YYL2191.JPG
2024-11-08 22:25:19.170 +08:00 [INF] [main] 路径内容:E:\新建文件夹 (2)\2024年11月5日\DCIM\118_PANA\_YYL2193.JPG
2024-11-08 22:25:19.170 +08:00 [INF] [main] 路径内容:E:\新建文件夹 (2)\2024年11月5日\DCIM\118_PANA\_YYL2195.JPG
2024-11-08 22:25:19.170 +08:00 [INF] [main] 路径内容:E:\新建文件夹 (2)\2024年11月5日\DCIM\118_PANA\_YYL2205.JPG
2024-11-08 22:25:19.170 +08:00 [INF] [main] 路径内容:E:\新建文件夹 (2)\2024年11月5日\DCIM\118_PANA\_YYL2209.JPG
2024-11-08 22:25:19.170 +08:00 [INF] [main] 路径内容:E:\新建文件夹 (2)\2024年11月5日\DCIM\118_PANA\_YYL2214.JPG
2024-11-08 22:25:19.170 +08:00 [INF] [main] 路径内容:E:\新建文件夹 (2)\2024年11月5日\DCIM\118_PANA\_YYL2215.JPG
2024-11-08 22:25:19.170 +08:00 [INF] [main] 路径内容:E:\新建文件夹 (2)\2024年11月5日\DCIM\118_PANA\_YYL2218.JPG
2024-11-08 22:25:19.170 +08:00 [INF] [main] 路径内容:E:\新建文件夹 (2)\2024年11月5日\DCIM\118_PANA\_YYL2220.JPG
2024-11-08 22:25:19.170 +08:00 [INF] [main] 路径内容:E:\新建文件夹 (2)\2024年11月5日\DCIM\118_PANA\_YYL2228.JPG
2024-11-08 22:25:19.170 +08:00 [INF] [main] 路径内容:E:\新建文件夹 (2)\2024年11月5日\DCIM\118_PANA\_YYL2230.JPG
2024-11-08 22:25:19.170 +08:00 [INF] [main] 路径内容:E:\新建文件夹 (2)\2024年11月5日\DCIM\118_PANA\_YYL2232.JPG
2024-11-08 22:25:19.170 +08:00 [INF] [main] 路径内容:E:\新建文件夹 (2)\2024年11月5日\DCIM\118_PANA\_YYL2234.JPG
2024-11-08 22:25:19.170 +08:00 [INF] [main] 路径内容:E:\新建文件夹 (2)\2024年11月5日\DCIM\118_PANA\_YYL2235.JPG
2024-11-08 22:25:19.170 +08:00 [INF] [main] 路径内容:E:\新建文件夹 (2)\2024年11月5日\DCIM\118_PANA\_YYL2236.JPG
2024-11-08 22:25:19.170 +08:00 [INF] [main] 路径内容:E:\新建文件夹 (2)\2024年11月5日\DCIM\118_PANA\_YYL2248.JPG
2024-11-08 22:25:19.170 +08:00 [INF] [main] 路径内容:E:\新建文件夹 (2)\2024年11月5日\DCIM\118_PANA\_YYL2249.JPG
2024-11-08 22:25:19.170 +08:00 [INF] [main] 路径内容:E:\新建文件夹 (2)\2024年11月5日\DCIM\118_PANA\_YYL2251.JPG
2024-11-08 22:25:19.170 +08:00 [INF] [main] 路径内容:E:\新建文件夹 (2)\2024年11月5日\DCIM\118_PANA\_YYL2253.JPG
