2024-10-25 22:38:41.412 +08:00 [INF] [main] ====================================== 程序启动! ==================================
2024-10-25 22:38:43.815 +08:00 [INF] [.NET TP Worker] 数据库创建
2024-10-25 22:39:46.158 +08:00 [INF] [main] 选择的文件夹路径是: D:\CHARLATANS\Documents\Downloads
2024-10-25 22:39:47.031 +08:00 [INF] [main] 数据库创建
2024-10-25 22:39:47.161 +08:00 [INF] [main] 路径存储成功 存储内容:StoragePath:D:\CHARLATANS\Documents\Downloads, IsEnable:$True
2024-10-25 22:39:47.162 +08:00 [INF] [.NET TP Worker] 数据库创建
2024-10-25 22:39:48.312 +08:00 [INF] [main] 数据库创建
2024-10-25 22:39:48.318 +08:00 [INF] [main] 路径更新成功 更新内容:StoragePath:D:\CHARLATANS\Documents\Downloads, IsEnable:$False, 更新前:D:\CHARLATANS\Documents\Downloads, False
2024-10-25 22:39:48.746 +08:00 [INF] [main] 数据库创建
2024-10-25 22:39:48.750 +08:00 [INF] [main] 路径更新成功 更新内容:StoragePath:D:\CHARLATANS\Documents\Downloads, IsEnable:$True, 更新前:D:\CHARLATANS\Documents\Downloads, True
2024-10-25 22:39:49.075 +08:00 [INF] [main] 数据库创建
2024-10-25 22:39:49.079 +08:00 [INF] [main] 路径更新成功 更新内容:StoragePath:D:\CHARLATANS\Documents\Downloads, IsEnable:$False, 更新前:D:\CHARLATANS\Documents\Downloads, False
2024-10-25 22:39:49.420 +08:00 [INF] [main] 数据库创建
2024-10-25 22:39:49.424 +08:00 [INF] [main] 路径更新成功 更新内容:StoragePath:D:\CHARLATANS\Documents\Downloads, IsEnable:$True, 更新前:D:\CHARLATANS\Documents\Downloads, True
2024-10-25 22:40:19.518 +08:00 [INF] [main] ====================================== 程序启动! ==================================
2024-10-25 22:40:21.829 +08:00 [INF] [.NET TP Worker] 数据库创建
2024-10-25 22:40:23.001 +08:00 [INF] [main] 数据库创建
2024-10-25 22:40:23.078 +08:00 [INF] [main] 路径更新成功 更新内容:StoragePath:D:\CHARLATANS\Documents\Downloads, IsEnable:$False, 更新前:D:\CHARLATANS\Documents\Downloads, False
2024-10-25 22:40:23.403 +08:00 [INF] [main] 数据库创建
2024-10-25 22:40:23.438 +08:00 [INF] [main] 路径更新成功 更新内容:StoragePath:D:\CHARLATANS\Documents\Downloads, IsEnable:$True, 更新前:D:\CHARLATANS\Documents\Downloads, True
2024-10-25 22:40:24.985 +08:00 [INF] [main] --------------------------------------- 应用程序关闭! ------------------------------
