2024-11-09 22:27:15.454 +08:00 [INF] [main] 路径更新成功 更新内容:StoragePath:D:\CHARLATANS\Documents\Downloads, IsEnable:$False, 更新前:D:\CHARLATANS\Documents\Downloads, False
2024-11-09 22:27:16.261 +08:00 [INF] [main] 路径更新成功 更新内容:StoragePath:E:\新建文件夹 (2)\2024年11月5日\DCIM\118_PANA, IsEnable:$False, 更新前:E:\新建文件夹 (2)\2024年11月5日\DCIM\118_PANA, False
2024-11-09 22:27:17.464 +08:00 [INF] [main] 页面渲染
2024-11-09 22:27:17.471 +08:00 [INF] [main] 123123
2024-11-09 22:27:17.471 +08:00 [INF] [main] 路径内容:E:\新建文件夹 (2)\2024年11月5日\DCIM\118_PANA\_YYL2127.JPG
2024-11-09 22:27:17.471 +08:00 [INF] [main] 路径内容:E:\新建文件夹 (2)\2024年11月5日\DCIM\118_PANA\_YYL2130.JPG
2024-11-09 22:27:17.471 +08:00 [INF] [main] 路径内容:E:\新建文件夹 (2)\2024年11月5日\DCIM\118_PANA\_YYL2165.JPG
2024-11-09 22:27:17.471 +08:00 [INF] [main] 路径内容:E:\新建文件夹 (2)\2024年11月5日\DCIM\118_PANA\_YYL2171.JPG
2024-11-09 22:27:17.471 +08:00 [INF] [main] 路径内容:E:\新建文件夹 (2)\2024年11月5日\DCIM\118_PANA\_YYL2174.JPG
2024-11-09 22:27:17.471 +08:00 [INF] [main] 路径内容:E:\新建文件夹 (2)\2024年11月5日\DCIM\118_PANA\_YYL2175.JPG
2024-11-09 22:27:17.471 +08:00 [INF] [main] 路径内容:E:\新建文件夹 (2)\2024年11月5日\DCIM\118_PANA\_YYL2177.JPG
2024-11-09 22:27:17.471 +08:00 [INF] [main] 路径内容:E:\新建文件夹 (2)\2024年11月5日\DCIM\118_PANA\_YYL2182.JPG
2024-11-09 22:27:17.471 +08:00 [INF] [main] 路径内容:E:\新建文件夹 (2)\2024年11月5日\DCIM\118_PANA\_YYL2185.JPG
2024-11-09 22:27:17.471 +08:00 [INF] [main] 路径内容:E:\新建文件夹 (2)\2024年11月5日\DCIM\118_PANA\_YYL2191.JPG
2024-11-09 22:27:17.471 +08:00 [INF] [main] 路径内容:E:\新建文件夹 (2)\2024年11月5日\DCIM\118_PANA\_YYL2193.JPG
2024-11-09 22:27:17.471 +08:00 [INF] [main] 路径内容:E:\新建文件夹 (2)\2024年11月5日\DCIM\118_PANA\_YYL2195.JPG
2024-11-09 22:27:17.471 +08:00 [INF] [main] 路径内容:E:\新建文件夹 (2)\2024年11月5日\DCIM\118_PANA\_YYL2205.JPG
2024-11-09 22:27:17.471 +08:00 [INF] [main] 路径内容:E:\新建文件夹 (2)\2024年11月5日\DCIM\118_PANA\_YYL2209.JPG
2024-11-09 22:27:17.471 +08:00 [INF] [main] 路径内容:E:\新建文件夹 (2)\2024年11月5日\DCIM\118_PANA\_YYL2214.JPG
2024-11-09 22:27:17.471 +08:00 [INF] [main] 路径内容:E:\新建文件夹 (2)\2024年11月5日\DCIM\118_PANA\_YYL2215.JPG
2024-11-09 22:27:17.471 +08:00 [INF] [main] 路径内容:E:\新建文件夹 (2)\2024年11月5日\DCIM\118_PANA\_YYL2218.JPG
2024-11-09 22:27:17.471 +08:00 [INF] [main] 路径内容:E:\新建文件夹 (2)\2024年11月5日\DCIM\118_PANA\_YYL2220.JPG
2024-11-09 22:27:17.471 +08:00 [INF] [main] 路径内容:E:\新建文件夹 (2)\2024年11月5日\DCIM\118_PANA\_YYL2228.JPG
2024-11-09 22:27:17.472 +08:00 [INF] [main] 路径内容:E:\新建文件夹 (2)\2024年11月5日\DCIM\118_PANA\_YYL2230.JPG
2024-11-09 22:27:17.472 +08:00 [INF] [main] 路径内容:E:\新建文件夹 (2)\2024年11月5日\DCIM\118_PANA\_YYL2232.JPG
2024-11-09 22:27:17.472 +08:00 [INF] [main] 路径内容:E:\新建文件夹 (2)\2024年11月5日\DCIM\118_PANA\_YYL2234.JPG
2024-11-09 22:27:17.472 +08:00 [INF] [main] 路径内容:E:\新建文件夹 (2)\2024年11月5日\DCIM\118_PANA\_YYL2235.JPG
2024-11-09 22:27:17.472 +08:00 [INF] [main] 路径内容:E:\新建文件夹 (2)\2024年11月5日\DCIM\118_PANA\_YYL2236.JPG
2024-11-09 22:27:17.472 +08:00 [INF] [main] 路径内容:E:\新建文件夹 (2)\2024年11月5日\DCIM\118_PANA\_YYL2248.JPG
2024-11-09 22:27:17.472 +08:00 [INF] [main] 路径内容:E:\新建文件夹 (2)\2024年11月5日\DCIM\118_PANA\_YYL2249.JPG
2024-11-09 22:27:17.472 +08:00 [INF] [main] 路径内容:E:\新建文件夹 (2)\2024年11月5日\DCIM\118_PANA\_YYL2251.JPG
2024-11-09 22:27:17.472 +08:00 [INF] [main] 路径内容:E:\新建文件夹 (2)\2024年11月5日\DCIM\118_PANA\_YYL2253.JPG
